[14-Feb-2024 17:16:04 UTC] PHP Fatal error:  Allowed memory size of 268435456 bytes exhausted (tried to allocate 606208 bytes) in /var/www/wp-includes/class-wpdb.php on line 2320
[14-Feb-2024 17:16:10 UTC] PHP Fatal error:  Allowed memory size of 268435456 bytes exhausted (tried to allocate 823296 bytes) in /var/www/wp-includes/class-wpdb.php on line 2349
[14-Feb-2024 17:16:10 UTC] WordPress database error Commands out of sync; you can't run this command now for query UPDATE `wp_3wn9kjattn_options` SET `option_value` = 'a:1:{i:0;i:1707930970;}' WHERE `option_name` = 'wpaas_cache_cnt' made by shutdown_action_hook, do_action('shutdown'), WP_Hook->do_action, WP_Hook->apply_filters, WPaaS\Cache_V2->ban, WPaaS\Cache_V2->increment_token, WPaaS\Cache_V2->upsert, update_option
[14-Feb-2024 17:16:10 UTC] WordPress database error Commands out of sync; you can't run this command now for query SELECT option_value FROM wp_3wn9kjattn_options WHERE option_name = 'gd_system_last_cache_flush' LIMIT 1 made by shutdown_action_hook, do_action('shutdown'), WP_Hook->do_action, WP_Hook->apply_filters, WPaaS\Cache_V2->ban, WPaaS\Cache_V2->request, update_option, get_option
[14-Feb-2024 17:16:10 UTC] WordPress database error Commands out of sync; you can't run this command now for query INSERT INTO `wp_3wn9kjattn_options` (`option_name`, `option_value`, `autoload`) VALUES ('gd_system_last_cache_flush', '1707930970', 'yes') ON DUPLICATE KEY UPDATE `option_name` = VALUES(`option_name`), `option_value` = VALUES(`option_value`), `autoload` = VALUES(`autoload`) made by shutdown_action_hook, do_action('shutdown'), WP_Hook->do_action, WP_Hook->apply_filters, WPaaS\Cache_V2->ban, WPaaS\Cache_V2->request, update_option, add_option
[14-Feb-2024 17:16:10 UTC] WordPress database error Commands out of sync; you can't run this command now for query SELECT option_value FROM wp_3wn9kjattn_options WHERE option_name = 'timezone_string' LIMIT 1 made by shutdown_action_hook, do_action('shutdown'), WP_Hook->do_action, WP_Hook->apply_filters, WPaaS\Cache_V2->ban, WPaaS\Cache_V2->request, WPaaS\Activity_logger->log_sp_action, current_time, wp_timezone, wp_timezone_string, get_option
[14-Feb-2024 17:16:10 UTC] WordPress database error Commands out of sync; you can't run this command now for query SELECT option_value FROM wp_3wn9kjattn_options WHERE option_name = 'gmt_offset' LIMIT 1 made by shutdown_action_hook, do_action('shutdown'), WP_Hook->do_action, WP_Hook->apply_filters, WPaaS\Cache_V2->ban, WPaaS\Cache_V2->request, WPaaS\Activity_logger->log_sp_action, current_time, wp_timezone, wp_timezone_string, get_option
[14-Feb-2024 17:16:10 UTC] WordPress database error Commands out of sync; you can't run this command now for query SHOW FULL COLUMNS FROM `wp_3wn9kjattn_wpaas_activity_log` made by shutdown_action_hook, do_action('shutdown'), WP_Hook->do_action, WP_Hook->apply_filters, WPaaS\Cache_V2->ban, WPaaS\Cache_V2->request, WPaaS\Activity_logger->log_sp_action
[14-Feb-2024 17:16:10 UTC] WordPress database error Commands out of sync; you can't run this command now for query CREATE TABLE wp_3wn9kjattn_wpaas_activity_log (
            id BIGINT(20) UNSIGNED NOT NULL AUTO_INCREMENT,
            user_id BIGINT(20) UNSIGNED NOT NULL,
            activity TEXT NOT NULL,
            timestamp DATETIME NOT NULL DEFAULT CURRENT_TIMESTAMP,
            PRIMARY KEY  (id)
        ) DEFAULT CHARACTER SET utf8mb4 COLLATE utf8mb4_unicode_520_ci made by shutdown_action_hook, do_action('shutdown'), WP_Hook->do_action, WP_Hook->apply_filters, WPaaS\Cache_V2->ban, WPaaS\Cache_V2->request, WPaaS\Activity_logger->log_sp_action, WPaaS\Activity_logger->create_table, dbDelta
[14-Feb-2024 17:16:10 UTC] WordPress database error Commands out of sync; you can't run this command now for query SELECT option_value FROM wp_3wn9kjattn_options WHERE option_name = 'home' LIMIT 1 made by shutdown_action_hook, do_action('shutdown'), WP_Hook->do_action, WP_Hook->apply_filters, WPaaS\Cache_V2->ban, WPaaS\Cache_V2->request, WPaaS\Cache_V2->executeRequest, wp_remote_request, WP_Http->request, get_bloginfo, home_url, get_home_url, get_option
[14-Feb-2024 17:16:11 UTC] WordPress database error Commands out of sync; you can't run this command now for query SHOW FULL COLUMNS FROM `wp_3wn9kjattn_wpaas_activity_log` made by shutdown_action_hook, do_action('shutdown'), WP_Hook->do_action, WP_Hook->apply_filters, WPaaS\Cache_V2->ban, WPaaS\Cache_V2->flush_cdn, WPaaS\API->flush_cdn, WPaaS\API->call, WPaaS\Activity_logger->log_sp_action
[14-Feb-2024 17:16:11 UTC] WordPress database error Commands out of sync; you can't run this command now for query CREATE TABLE wp_3wn9kjattn_wpaas_activity_log (
            id BIGINT(20) UNSIGNED NOT NULL AUTO_INCREMENT,
            user_id BIGINT(20) UNSIGNED NOT NULL,
            activity TEXT NOT NULL,
            timestamp DATETIME NOT NULL DEFAULT CURRENT_TIMESTAMP,
            PRIMARY KEY  (id)
        ) DEFAULT CHARACTER SET utf8mb4 COLLATE utf8mb4_unicode_520_ci made by shutdown_action_hook, do_action('shutdown'), WP_Hook->do_action, WP_Hook->apply_filters, WPaaS\Cache_V2->ban, WPaaS\Cache_V2->flush_cdn, WPaaS\API->flush_cdn, WPaaS\API->call, WPaaS\Activity_logger->log_sp_action, WPaaS\Activity_logger->create_table, dbDelta
[14-Feb-2024 17:16:11 UTC] WordPress database error Commands out of sync; you can't run this command now for query SELECT option_value FROM wp_3wn9kjattn_options WHERE option_name = 'gd_system_polling_invalidation_id' LIMIT 1 made by shutdown_action_hook, do_action('shutdown'), WP_Hook->do_action, WP_Hook->apply_filters, WPaaS\Cache_V2->ban, WPaaS\Cache_V2->flush_cdn, update_option, get_option
[14-Feb-2024 17:16:11 UTC] WordPress database error Commands out of sync; you can't run this command now for query INSERT INTO `wp_3wn9kjattn_options` (`option_name`, `option_value`, `autoload`) VALUES ('gd_system_polling_invalidation_id', '2cMon54kjcr74xYgP5rihW0bx3h', 'yes') ON DUPLICATE KEY UPDATE `option_name` = VALUES(`option_name`), `option_value` = VALUES(`option_value`), `autoload` = VALUES(`autoload`) made by shutdown_action_hook, do_action('shutdown'), WP_Hook->do_action, WP_Hook->apply_filters, WPaaS\Cache_V2->ban, WPaaS\Cache_V2->flush_cdn, update_option, add_option
[14-Feb-2024 17:16:11 UTC] WordPress database error Commands out of sync; you can't run this command now for query SHOW FULL COLUMNS FROM `wp_3wn9kjattn_wpaas_activity_log` made by shutdown_action_hook, do_action('shutdown'), WP_Hook->do_action, WP_Hook->apply_filters, WPaaS\Cache_V2->ban, WPaaS\Cache_V2->flush_cdn, WPaaS\Activity_logger->log_sp_action
[14-Feb-2024 17:16:11 UTC] WordPress database error Commands out of sync; you can't run this command now for query CREATE TABLE wp_3wn9kjattn_wpaas_activity_log (
            id BIGINT(20) UNSIGNED NOT NULL AUTO_INCREMENT,
            user_id BIGINT(20) UNSIGNED NOT NULL,
            activity TEXT NOT NULL,
            timestamp DATETIME NOT NULL DEFAULT CURRENT_TIMESTAMP,
            PRIMARY KEY  (id)
        ) DEFAULT CHARACTER SET utf8mb4 COLLATE utf8mb4_unicode_520_ci made by shutdown_action_hook, do_action('shutdown'), WP_Hook->do_action, WP_Hook->apply_filters, WPaaS\Cache_V2->ban, WPaaS\Cache_V2->flush_cdn, WPaaS\Activity_logger->log_sp_action, WPaaS\Activity_logger->create_table, dbDelta
[14-Feb-2024 17:16:11 UTC] WordPress database error Commands out of sync; you can't run this command now for query SELECT option_value FROM wp_3wn9kjattn_options WHERE option_name = 'active_plugins' LIMIT 1 made by mwp_fail_safe, get_option
[14-Feb-2024 17:16:14 UTC] PHP Deprecated:  trim(): Passing null to parameter #1 ($string) of type string is deprecated in /var/www/wp-content/plugins/elementor-pro/modules/custom-css/module.php on line 96
[14-Feb-2024 17:16:14 UTC] PHP Deprecated:  trim(): Passing null to parameter #1 ($string) of type string is deprecated in /var/www/wp-content/plugins/elementor-pro/modules/custom-css/module.php on line 96
[14-Feb-2024 17:16:14 UTC] PHP Deprecated:  trim(): Passing null to parameter #1 ($string) of type string is deprecated in /var/www/wp-content/plugins/elementor-pro/modules/custom-css/module.php on line 96
[14-Feb-2024 17:16:17 UTC] PHP Fatal error:  Allowed memory size of 268435456 bytes exhausted (tried to allocate 647168 bytes) in /var/www/wp-includes/class-wpdb.php on line 2349
[14-Feb-2024 17:16:17 UTC] WordPress database error Commands out of sync; you can't run this command now for query UPDATE `wp_3wn9kjattn_options` SET `option_value` = 'a:1:{i:0;i:1707930977;}' WHERE `option_name` = 'wpaas_cache_cnt' made by shutdown_action_hook, do_action('shutdown'), WP_Hook->do_action, WP_Hook->apply_filters, WPaaS\Cache_V2->ban, WPaaS\Cache_V2->increment_token, WPaaS\Cache_V2->upsert, update_option
[14-Feb-2024 17:16:17 UTC] WordPress database error Commands out of sync; you can't run this command now for query SELECT option_value FROM wp_3wn9kjattn_options WHERE option_name = 'gd_system_last_cache_flush' LIMIT 1 made by shutdown_action_hook, do_action('shutdown'), WP_Hook->do_action, WP_Hook->apply_filters, WPaaS\Cache_V2->ban, WPaaS\Cache_V2->request, update_option, get_option
[14-Feb-2024 17:16:17 UTC] WordPress database error Commands out of sync; you can't run this command now for query INSERT INTO `wp_3wn9kjattn_options` (`option_name`, `option_value`, `autoload`) VALUES ('gd_system_last_cache_flush', '1707930977', 'yes') ON DUPLICATE KEY UPDATE `option_name` = VALUES(`option_name`), `option_value` = VALUES(`option_value`), `autoload` = VALUES(`autoload`) made by shutdown_action_hook, do_action('shutdown'), WP_Hook->do_action, WP_Hook->apply_filters, WPaaS\Cache_V2->ban, WPaaS\Cache_V2->request, update_option, add_option
[14-Feb-2024 17:16:17 UTC] WordPress database error Commands out of sync; you can't run this command now for query SELECT option_value FROM wp_3wn9kjattn_options WHERE option_name = 'timezone_string' LIMIT 1 made by shutdown_action_hook, do_action('shutdown'), WP_Hook->do_action, WP_Hook->apply_filters, WPaaS\Cache_V2->ban, WPaaS\Cache_V2->request, WPaaS\Activity_logger->log_sp_action, current_time, wp_timezone, wp_timezone_string, get_option
[14-Feb-2024 17:16:17 UTC] WordPress database error Commands out of sync; you can't run this command now for query SELECT option_value FROM wp_3wn9kjattn_options WHERE option_name = 'gmt_offset' LIMIT 1 made by shutdown_action_hook, do_action('shutdown'), WP_Hook->do_action, WP_Hook->apply_filters, WPaaS\Cache_V2->ban, WPaaS\Cache_V2->request, WPaaS\Activity_logger->log_sp_action, current_time, wp_timezone, wp_timezone_string, get_option
[14-Feb-2024 17:16:17 UTC] WordPress database error Commands out of sync; you can't run this command now for query SHOW FULL COLUMNS FROM `wp_3wn9kjattn_wpaas_activity_log` made by shutdown_action_hook, do_action('shutdown'), WP_Hook->do_action, WP_Hook->apply_filters, WPaaS\Cache_V2->ban, WPaaS\Cache_V2->request, WPaaS\Activity_logger->log_sp_action
[14-Feb-2024 17:16:17 UTC] WordPress database error Commands out of sync; you can't run this command now for query CREATE TABLE wp_3wn9kjattn_wpaas_activity_log (
            id BIGINT(20) UNSIGNED NOT NULL AUTO_INCREMENT,
            user_id BIGINT(20) UNSIGNED NOT NULL,
            activity TEXT NOT NULL,
            timestamp DATETIME NOT NULL DEFAULT CURRENT_TIMESTAMP,
            PRIMARY KEY  (id)
        ) DEFAULT CHARACTER SET utf8mb4 COLLATE utf8mb4_unicode_520_ci made by shutdown_action_hook, do_action('shutdown'), WP_Hook->do_action, WP_Hook->apply_filters, WPaaS\Cache_V2->ban, WPaaS\Cache_V2->request, WPaaS\Activity_logger->log_sp_action, WPaaS\Activity_logger->create_table, dbDelta
[14-Feb-2024 17:16:17 UTC] WordPress database error Commands out of sync; you can't run this command now for query SELECT option_value FROM wp_3wn9kjattn_options WHERE option_name = 'home' LIMIT 1 made by shutdown_action_hook, do_action('shutdown'), WP_Hook->do_action, WP_Hook->apply_filters, WPaaS\Cache_V2->ban, WPaaS\Cache_V2->request, WPaaS\Cache_V2->executeRequest, wp_remote_request, WP_Http->request, get_bloginfo, home_url, get_home_url, get_option
[14-Feb-2024 17:16:18 UTC] WordPress database error Commands out of sync; you can't run this command now for query SHOW FULL COLUMNS FROM `wp_3wn9kjattn_wpaas_activity_log` made by shutdown_action_hook, do_action('shutdown'), WP_Hook->do_action, WP_Hook->apply_filters, WPaaS\Cache_V2->ban, WPaaS\Cache_V2->flush_cdn, WPaaS\API->flush_cdn, WPaaS\API->call, WPaaS\Activity_logger->log_sp_action
[14-Feb-2024 17:16:18 UTC] WordPress database error Commands out of sync; you can't run this command now for query CREATE TABLE wp_3wn9kjattn_wpaas_activity_log (
            id BIGINT(20) UNSIGNED NOT NULL AUTO_INCREMENT,
            user_id BIGINT(20) UNSIGNED NOT NULL,
            activity TEXT NOT NULL,
            timestamp DATETIME NOT NULL DEFAULT CURRENT_TIMESTAMP,
            PRIMARY KEY  (id)
        ) DEFAULT CHARACTER SET utf8mb4 COLLATE utf8mb4_unicode_520_ci made by shutdown_action_hook, do_action('shutdown'), WP_Hook->do_action, WP_Hook->apply_filters, WPaaS\Cache_V2->ban, WPaaS\Cache_V2->flush_cdn, WPaaS\API->flush_cdn, WPaaS\API->call, WPaaS\Activity_logger->log_sp_action, WPaaS\Activity_logger->create_table, dbDelta
[14-Feb-2024 17:16:18 UTC] WordPress database error Commands out of sync; you can't run this command now for query SELECT option_value FROM wp_3wn9kjattn_options WHERE option_name = 'gd_system_polling_invalidation_id' LIMIT 1 made by shutdown_action_hook, do_action('shutdown'), WP_Hook->do_action, WP_Hook->apply_filters, WPaaS\Cache_V2->ban, WPaaS\Cache_V2->flush_cdn, update_option, get_option
[14-Feb-2024 17:16:18 UTC] WordPress database error Commands out of sync; you can't run this command now for query INSERT INTO `wp_3wn9kjattn_options` (`option_name`, `option_value`, `autoload`) VALUES ('gd_system_polling_invalidation_id', '2cMonvSUP6t0t9zUnawFpcm2QQa', 'yes') ON DUPLICATE KEY UPDATE `option_name` = VALUES(`option_name`), `option_value` = VALUES(`option_value`), `autoload` = VALUES(`autoload`) made by shutdown_action_hook, do_action('shutdown'), WP_Hook->do_action, WP_Hook->apply_filters, WPaaS\Cache_V2->ban, WPaaS\Cache_V2->flush_cdn, update_option, add_option
[14-Feb-2024 17:16:18 UTC] WordPress database error Commands out of sync; you can't run this command now for query SHOW FULL COLUMNS FROM `wp_3wn9kjattn_wpaas_activity_log` made by shutdown_action_hook, do_action('shutdown'), WP_Hook->do_action, WP_Hook->apply_filters, WPaaS\Cache_V2->ban, WPaaS\Cache_V2->flush_cdn, WPaaS\Activity_logger->log_sp_action
[14-Feb-2024 17:16:18 UTC] WordPress database error Commands out of sync; you can't run this command now for query CREATE TABLE wp_3wn9kjattn_wpaas_activity_log (
            id BIGINT(20) UNSIGNED NOT NULL AUTO_INCREMENT,
            user_id BIGINT(20) UNSIGNED NOT NULL,
            activity TEXT NOT NULL,
            timestamp DATETIME NOT NULL DEFAULT CURRENT_TIMESTAMP,
            PRIMARY KEY  (id)
        ) DEFAULT CHARACTER SET utf8mb4 COLLATE utf8mb4_unicode_520_ci made by shutdown_action_hook, do_action('shutdown'), WP_Hook->do_action, WP_Hook->apply_filters, WPaaS\Cache_V2->ban, WPaaS\Cache_V2->flush_cdn, WPaaS\Activity_logger->log_sp_action, WPaaS\Activity_logger->create_table, dbDelta
[14-Feb-2024 17:16:18 UTC] WordPress database error Commands out of sync; you can't run this command now for query SELECT option_value FROM wp_3wn9kjattn_options WHERE option_name = 'active_plugins' LIMIT 1 made by mwp_fail_safe, get_option
[14-Feb-2024 17:17:16 UTC] PHP Fatal error:  Allowed memory size of 268435456 bytes exhausted (tried to allocate 577536 bytes) in /var/www/wp-includes/class-wpdb.php on line 2349
[14-Feb-2024 17:17:16 UTC] WordPress database error Commands out of sync; you can't run this command now for query UPDATE `wp_3wn9kjattn_options` SET `option_value` = 'a:1:{i:0;i:1707931036;}' WHERE `option_name` = 'wpaas_cache_cnt' made by shutdown_action_hook, do_action('shutdown'), WP_Hook->do_action, WP_Hook->apply_filters, WPaaS\Cache_V2->ban, WPaaS\Cache_V2->increment_token, WPaaS\Cache_V2->upsert, update_option
[14-Feb-2024 17:17:16 UTC] WordPress database error Commands out of sync; you can't run this command now for query SELECT option_value FROM wp_3wn9kjattn_options WHERE option_name = 'gd_system_last_cache_flush' LIMIT 1 made by shutdown_action_hook, do_action('shutdown'), WP_Hook->do_action, WP_Hook->apply_filters, WPaaS\Cache_V2->ban, WPaaS\Cache_V2->request, update_option, get_option
[14-Feb-2024 17:17:16 UTC] WordPress database error Commands out of sync; you can't run this command now for query INSERT INTO `wp_3wn9kjattn_options` (`option_name`, `option_value`, `autoload`) VALUES ('gd_system_last_cache_flush', '1707931036', 'yes') ON DUPLICATE KEY UPDATE `option_name` = VALUES(`option_name`), `option_value` = VALUES(`option_value`), `autoload` = VALUES(`autoload`) made by shutdown_action_hook, do_action('shutdown'), WP_Hook->do_action, WP_Hook->apply_filters, WPaaS\Cache_V2->ban, WPaaS\Cache_V2->request, update_option, add_option
[14-Feb-2024 17:17:16 UTC] WordPress database error Commands out of sync; you can't run this command now for query SELECT option_value FROM wp_3wn9kjattn_options WHERE option_name = 'timezone_string' LIMIT 1 made by shutdown_action_hook, do_action('shutdown'), WP_Hook->do_action, WP_Hook->apply_filters, WPaaS\Cache_V2->ban, WPaaS\Cache_V2->request, WPaaS\Activity_logger->log_sp_action, current_time, wp_timezone, wp_timezone_string, get_option
[14-Feb-2024 17:17:16 UTC] WordPress database error Commands out of sync; you can't run this command now for query SELECT option_value FROM wp_3wn9kjattn_options WHERE option_name = 'gmt_offset' LIMIT 1 made by shutdown_action_hook, do_action('shutdown'), WP_Hook->do_action, WP_Hook->apply_filters, WPaaS\Cache_V2->ban, WPaaS\Cache_V2->request, WPaaS\Activity_logger->log_sp_action, current_time, wp_timezone, wp_timezone_string, get_option
[14-Feb-2024 17:17:16 UTC] WordPress database error Commands out of sync; you can't run this command now for query SHOW FULL COLUMNS FROM `wp_3wn9kjattn_wpaas_activity_log` made by shutdown_action_hook, do_action('shutdown'), WP_Hook->do_action, WP_Hook->apply_filters, WPaaS\Cache_V2->ban, WPaaS\Cache_V2->request, WPaaS\Activity_logger->log_sp_action
[14-Feb-2024 17:17:16 UTC] WordPress database error Commands out of sync; you can't run this command now for query CREATE TABLE wp_3wn9kjattn_wpaas_activity_log (
            id BIGINT(20) UNSIGNED NOT NULL AUTO_INCREMENT,
            user_id BIGINT(20) UNSIGNED NOT NULL,
            activity TEXT NOT NULL,
            timestamp DATETIME NOT NULL DEFAULT CURRENT_TIMESTAMP,
            PRIMARY KEY  (id)
        ) DEFAULT CHARACTER SET utf8mb4 COLLATE utf8mb4_unicode_520_ci made by shutdown_action_hook, do_action('shutdown'), WP_Hook->do_action, WP_Hook->apply_filters, WPaaS\Cache_V2->ban, WPaaS\Cache_V2->request, WPaaS\Activity_logger->log_sp_action, WPaaS\Activity_logger->create_table, dbDelta
[14-Feb-2024 17:17:16 UTC] WordPress database error Commands out of sync; you can't run this command now for query SELECT option_value FROM wp_3wn9kjattn_options WHERE option_name = 'home' LIMIT 1 made by shutdown_action_hook, do_action('shutdown'), WP_Hook->do_action, WP_Hook->apply_filters, WPaaS\Cache_V2->ban, WPaaS\Cache_V2->request, WPaaS\Cache_V2->executeRequest, wp_remote_request, WP_Http->request, get_bloginfo, home_url, get_home_url, get_option
[14-Feb-2024 17:17:16 UTC] PHP Fatal error:  Allowed memory size of 268435456 bytes exhausted (tried to allocate 688128 bytes) in /var/www/wp-includes/class-wpdb.php on line 2349
[14-Feb-2024 17:17:16 UTC] WordPress database error Commands out of sync; you can't run this command now for query UPDATE `wp_3wn9kjattn_options` SET `option_value` = 'a:1:{i:0;i:1707931036;}' WHERE `option_name` = 'wpaas_cache_cnt' made by shutdown_action_hook, do_action('shutdown'), WP_Hook->do_action, WP_Hook->apply_filters, WPaaS\Cache_V2->ban, WPaaS\Cache_V2->increment_token, WPaaS\Cache_V2->upsert, update_option
[14-Feb-2024 17:17:16 UTC] WordPress database error Commands out of sync; you can't run this command now for query SELECT option_value FROM wp_3wn9kjattn_options WHERE option_name = 'gd_system_last_cache_flush' LIMIT 1 made by shutdown_action_hook, do_action('shutdown'), WP_Hook->do_action, WP_Hook->apply_filters, WPaaS\Cache_V2->ban, WPaaS\Cache_V2->request, update_option, get_option
[14-Feb-2024 17:17:16 UTC] WordPress database error Commands out of sync; you can't run this command now for query INSERT INTO `wp_3wn9kjattn_options` (`option_name`, `option_value`, `autoload`) VALUES ('gd_system_last_cache_flush', '1707931036', 'yes') ON DUPLICATE KEY UPDATE `option_name` = VALUES(`option_name`), `option_value` = VALUES(`option_value`), `autoload` = VALUES(`autoload`) made by shutdown_action_hook, do_action('shutdown'), WP_Hook->do_action, WP_Hook->apply_filters, WPaaS\Cache_V2->ban, WPaaS\Cache_V2->request, update_option, add_option
[14-Feb-2024 17:17:16 UTC] WordPress database error Commands out of sync; you can't run this command now for query SELECT option_value FROM wp_3wn9kjattn_options WHERE option_name = 'timezone_string' LIMIT 1 made by shutdown_action_hook, do_action('shutdown'), WP_Hook->do_action, WP_Hook->apply_filters, WPaaS\Cache_V2->ban, WPaaS\Cache_V2->request, WPaaS\Activity_logger->log_sp_action, current_time, wp_timezone, wp_timezone_string, get_option
[14-Feb-2024 17:17:16 UTC] WordPress database error Commands out of sync; you can't run this command now for query SELECT option_value FROM wp_3wn9kjattn_options WHERE option_name = 'gmt_offset' LIMIT 1 made by shutdown_action_hook, do_action('shutdown'), WP_Hook->do_action, WP_Hook->apply_filters, WPaaS\Cache_V2->ban, WPaaS\Cache_V2->request, WPaaS\Activity_logger->log_sp_action, current_time, wp_timezone, wp_timezone_string, get_option
[14-Feb-2024 17:17:16 UTC] WordPress database error Commands out of sync; you can't run this command now for query SHOW FULL COLUMNS FROM `wp_3wn9kjattn_wpaas_activity_log` made by shutdown_action_hook, do_action('shutdown'), WP_Hook->do_action, WP_Hook->apply_filters, WPaaS\Cache_V2->ban, WPaaS\Cache_V2->request, WPaaS\Activity_logger->log_sp_action
[14-Feb-2024 17:17:16 UTC] WordPress database error Commands out of sync; you can't run this command now for query CREATE TABLE wp_3wn9kjattn_wpaas_activity_log (
            id BIGINT(20) UNSIGNED NOT NULL AUTO_INCREMENT,
            user_id BIGINT(20) UNSIGNED NOT NULL,
            activity TEXT NOT NULL,
            timestamp DATETIME NOT NULL DEFAULT CURRENT_TIMESTAMP,
            PRIMARY KEY  (id)
        ) DEFAULT CHARACTER SET utf8mb4 COLLATE utf8mb4_unicode_520_ci made by shutdown_action_hook, do_action('shutdown'), WP_Hook->do_action, WP_Hook->apply_filters, WPaaS\Cache_V2->ban, WPaaS\Cache_V2->request, WPaaS\Activity_logger->log_sp_action, WPaaS\Activity_logger->create_table, dbDelta
[14-Feb-2024 17:17:16 UTC] WordPress database error Commands out of sync; you can't run this command now for query SELECT option_value FROM wp_3wn9kjattn_options WHERE option_name = 'home' LIMIT 1 made by shutdown_action_hook, do_action('shutdown'), WP_Hook->do_action, WP_Hook->apply_filters, WPaaS\Cache_V2->ban, WPaaS\Cache_V2->request, WPaaS\Cache_V2->executeRequest, wp_remote_request, WP_Http->request, get_bloginfo, home_url, get_home_url, get_option
[14-Feb-2024 17:17:17 UTC] WordPress database error Commands out of sync; you can't run this command now for query SHOW FULL COLUMNS FROM `wp_3wn9kjattn_wpaas_activity_log` made by shutdown_action_hook, do_action('shutdown'), WP_Hook->do_action, WP_Hook->apply_filters, WPaaS\Cache_V2->ban, WPaaS\Cache_V2->flush_cdn, WPaaS\API->flush_cdn, WPaaS\API->call, WPaaS\Activity_logger->log_sp_action
[14-Feb-2024 17:17:17 UTC] WordPress database error Commands out of sync; you can't run this command now for query CREATE TABLE wp_3wn9kjattn_wpaas_activity_log (
            id BIGINT(20) UNSIGNED NOT NULL AUTO_INCREMENT,
            user_id BIGINT(20) UNSIGNED NOT NULL,
            activity TEXT NOT NULL,
            timestamp DATETIME NOT NULL DEFAULT CURRENT_TIMESTAMP,
            PRIMARY KEY  (id)
        ) DEFAULT CHARACTER SET utf8mb4 COLLATE utf8mb4_unicode_520_ci made by shutdown_action_hook, do_action('shutdown'), WP_Hook->do_action, WP_Hook->apply_filters, WPaaS\Cache_V2->ban, WPaaS\Cache_V2->flush_cdn, WPaaS\API->flush_cdn, WPaaS\API->call, WPaaS\Activity_logger->log_sp_action, WPaaS\Activity_logger->create_table, dbDelta
[14-Feb-2024 17:17:17 UTC] WordPress database error Commands out of sync; you can't run this command now for query SELECT option_value FROM wp_3wn9kjattn_options WHERE option_name = 'gd_system_polling_invalidation_id' LIMIT 1 made by shutdown_action_hook, do_action('shutdown'), WP_Hook->do_action, WP_Hook->apply_filters, WPaaS\Cache_V2->ban, WPaaS\Cache_V2->flush_cdn, update_option, get_option
[14-Feb-2024 17:17:17 UTC] WordPress database error Commands out of sync; you can't run this command now for query INSERT INTO `wp_3wn9kjattn_options` (`option_name`, `option_value`, `autoload`) VALUES ('gd_system_polling_invalidation_id', '2cMovMcQ1MWg5nwjsGZWiHKKdd0', 'yes') ON DUPLICATE KEY UPDATE `option_name` = VALUES(`option_name`), `option_value` = VALUES(`option_value`), `autoload` = VALUES(`autoload`) made by shutdown_action_hook, do_action('shutdown'), WP_Hook->do_action, WP_Hook->apply_filters, WPaaS\Cache_V2->ban, WPaaS\Cache_V2->flush_cdn, update_option, add_option
[14-Feb-2024 17:17:17 UTC] WordPress database error Commands out of sync; you can't run this command now for query SHOW FULL COLUMNS FROM `wp_3wn9kjattn_wpaas_activity_log` made by shutdown_action_hook, do_action('shutdown'), WP_Hook->do_action, WP_Hook->apply_filters, WPaaS\Cache_V2->ban, WPaaS\Cache_V2->flush_cdn, WPaaS\Activity_logger->log_sp_action
[14-Feb-2024 17:17:17 UTC] WordPress database error Commands out of sync; you can't run this command now for query CREATE TABLE wp_3wn9kjattn_wpaas_activity_log (
            id BIGINT(20) UNSIGNED NOT NULL AUTO_INCREMENT,
            user_id BIGINT(20) UNSIGNED NOT NULL,
            activity TEXT NOT NULL,
            timestamp DATETIME NOT NULL DEFAULT CURRENT_TIMESTAMP,
            PRIMARY KEY  (id)
        ) DEFAULT CHARACTER SET utf8mb4 COLLATE utf8mb4_unicode_520_ci made by shutdown_action_hook, do_action('shutdown'), WP_Hook->do_action, WP_Hook->apply_filters, WPaaS\Cache_V2->ban, WPaaS\Cache_V2->flush_cdn, WPaaS\Activity_logger->log_sp_action, WPaaS\Activity_logger->create_table, dbDelta
[14-Feb-2024 17:17:17 UTC] WordPress database error Commands out of sync; you can't run this command now for query SELECT option_value FROM wp_3wn9kjattn_options WHERE option_name = 'active_plugins' LIMIT 1 made by mwp_fail_safe, get_option
[14-Feb-2024 17:17:17 UTC] WordPress database error Commands out of sync; you can't run this command now for query SHOW FULL COLUMNS FROM `wp_3wn9kjattn_wpaas_activity_log` made by shutdown_action_hook, do_action('shutdown'), WP_Hook->do_action, WP_Hook->apply_filters, WPaaS\Cache_V2->ban, WPaaS\Cache_V2->flush_cdn, WPaaS\API->flush_cdn, WPaaS\API->call, WPaaS\Activity_logger->log_sp_action
[14-Feb-2024 17:17:17 UTC] WordPress database error Commands out of sync; you can't run this command now for query CREATE TABLE wp_3wn9kjattn_wpaas_activity_log (
            id BIGINT(20) UNSIGNED NOT NULL AUTO_INCREMENT,
            user_id BIGINT(20) UNSIGNED NOT NULL,
            activity TEXT NOT NULL,
            timestamp DATETIME NOT NULL DEFAULT CURRENT_TIMESTAMP,
            PRIMARY KEY  (id)
        ) DEFAULT CHARACTER SET utf8mb4 COLLATE utf8mb4_unicode_520_ci made by shutdown_action_hook, do_action('shutdown'), WP_Hook->do_action, WP_Hook->apply_filters, WPaaS\Cache_V2->ban, WPaaS\Cache_V2->flush_cdn, WPaaS\API->flush_cdn, WPaaS\API->call, WPaaS\Activity_logger->log_sp_action, WPaaS\Activity_logger->create_table, dbDelta
[14-Feb-2024 17:17:17 UTC] WordPress database error Commands out of sync; you can't run this command now for query SELECT option_value FROM wp_3wn9kjattn_options WHERE option_name = 'gd_system_polling_invalidation_id' LIMIT 1 made by shutdown_action_hook, do_action('shutdown'), WP_Hook->do_action, WP_Hook->apply_filters, WPaaS\Cache_V2->ban, WPaaS\Cache_V2->flush_cdn, update_option, get_option
[14-Feb-2024 17:17:17 UTC] WordPress database error Commands out of sync; you can't run this command now for query INSERT INTO `wp_3wn9kjattn_options` (`option_name`, `option_value`, `autoload`) VALUES ('gd_system_polling_invalidation_id', '2cMovJxNrKbCtdR4kP3Jelf32MB', 'yes') ON DUPLICATE KEY UPDATE `option_name` = VALUES(`option_name`), `option_value` = VALUES(`option_value`), `autoload` = VALUES(`autoload`) made by shutdown_action_hook, do_action('shutdown'), WP_Hook->do_action, WP_Hook->apply_filters, WPaaS\Cache_V2->ban, WPaaS\Cache_V2->flush_cdn, update_option, add_option
[14-Feb-2024 17:17:17 UTC] WordPress database error Commands out of sync; you can't run this command now for query SHOW FULL COLUMNS FROM `wp_3wn9kjattn_wpaas_activity_log` made by shutdown_action_hook, do_action('shutdown'), WP_Hook->do_action, WP_Hook->apply_filters, WPaaS\Cache_V2->ban, WPaaS\Cache_V2->flush_cdn, WPaaS\Activity_logger->log_sp_action
[14-Feb-2024 17:17:17 UTC] WordPress database error Commands out of sync; you can't run this command now for query CREATE TABLE wp_3wn9kjattn_wpaas_activity_log (
            id BIGINT(20) UNSIGNED NOT NULL AUTO_INCREMENT,
            user_id BIGINT(20) UNSIGNED NOT NULL,
            activity TEXT NOT NULL,
            timestamp DATETIME NOT NULL DEFAULT CURRENT_TIMESTAMP,
            PRIMARY KEY  (id)
        ) DEFAULT CHARACTER SET utf8mb4 COLLATE utf8mb4_unicode_520_ci made by shutdown_action_hook, do_action('shutdown'), WP_Hook->do_action, WP_Hook->apply_filters, WPaaS\Cache_V2->ban, WPaaS\Cache_V2->flush_cdn, WPaaS\Activity_logger->log_sp_action, WPaaS\Activity_logger->create_table, dbDelta
[14-Feb-2024 17:17:17 UTC] WordPress database error Commands out of sync; you can't run this command now for query SELECT option_value FROM wp_3wn9kjattn_options WHERE option_name = 'active_plugins' LIMIT 1 made by mwp_fail_safe, get_option
[14-Feb-2024 17:18:20 UTC] PHP Fatal error:  Allowed memory size of 268435456 bytes exhausted (tried to allocate 589824 bytes) in /var/www/wp-includes/class-wpdb.php on line 2349
[14-Feb-2024 17:18:20 UTC] WordPress database error Commands out of sync; you can't run this command now for query UPDATE `wp_3wn9kjattn_options` SET `option_value` = 'a:1:{i:0;i:1707931100;}' WHERE `option_name` = 'wpaas_cache_cnt' made by shutdown_action_hook, do_action('shutdown'), WP_Hook->do_action, WP_Hook->apply_filters, WPaaS\Cache_V2->ban, WPaaS\Cache_V2->increment_token, WPaaS\Cache_V2->upsert, update_option
[14-Feb-2024 17:18:20 UTC] WordPress database error Commands out of sync; you can't run this command now for query SELECT option_value FROM wp_3wn9kjattn_options WHERE option_name = 'gd_system_last_cache_flush' LIMIT 1 made by shutdown_action_hook, do_action('shutdown'), WP_Hook->do_action, WP_Hook->apply_filters, WPaaS\Cache_V2->ban, WPaaS\Cache_V2->request, update_option, get_option
[14-Feb-2024 17:18:20 UTC] WordPress database error Commands out of sync; you can't run this command now for query INSERT INTO `wp_3wn9kjattn_options` (`option_name`, `option_value`, `autoload`) VALUES ('gd_system_last_cache_flush', '1707931100', 'yes') ON DUPLICATE KEY UPDATE `option_name` = VALUES(`option_name`), `option_value` = VALUES(`option_value`), `autoload` = VALUES(`autoload`) made by shutdown_action_hook, do_action('shutdown'), WP_Hook->do_action, WP_Hook->apply_filters, WPaaS\Cache_V2->ban, WPaaS\Cache_V2->request, update_option, add_option
[14-Feb-2024 17:18:20 UTC] WordPress database error Commands out of sync; you can't run this command now for query SELECT option_value FROM wp_3wn9kjattn_options WHERE option_name = 'timezone_string' LIMIT 1 made by shutdown_action_hook, do_action('shutdown'), WP_Hook->do_action, WP_Hook->apply_filters, WPaaS\Cache_V2->ban, WPaaS\Cache_V2->request, WPaaS\Activity_logger->log_sp_action, current_time, wp_timezone, wp_timezone_string, get_option
[14-Feb-2024 17:18:20 UTC] WordPress database error Commands out of sync; you can't run this command now for query SELECT option_value FROM wp_3wn9kjattn_options WHERE option_name = 'gmt_offset' LIMIT 1 made by shutdown_action_hook, do_action('shutdown'), WP_Hook->do_action, WP_Hook->apply_filters, WPaaS\Cache_V2->ban, WPaaS\Cache_V2->request, WPaaS\Activity_logger->log_sp_action, current_time, wp_timezone, wp_timezone_string, get_option
[14-Feb-2024 17:18:20 UTC] WordPress database error Commands out of sync; you can't run this command now for query SHOW FULL COLUMNS FROM `wp_3wn9kjattn_wpaas_activity_log` made by shutdown_action_hook, do_action('shutdown'), WP_Hook->do_action, WP_Hook->apply_filters, WPaaS\Cache_V2->ban, WPaaS\Cache_V2->request, WPaaS\Activity_logger->log_sp_action
[14-Feb-2024 17:18:20 UTC] WordPress database error Commands out of sync; you can't run this command now for query CREATE TABLE wp_3wn9kjattn_wpaas_activity_log (
            id BIGINT(20) UNSIGNED NOT NULL AUTO_INCREMENT,
            user_id BIGINT(20) UNSIGNED NOT NULL,
            activity TEXT NOT NULL,
            timestamp DATETIME NOT NULL DEFAULT CURRENT_TIMESTAMP,
            PRIMARY KEY  (id)
        ) DEFAULT CHARACTER SET utf8mb4 COLLATE utf8mb4_unicode_520_ci made by shutdown_action_hook, do_action('shutdown'), WP_Hook->do_action, WP_Hook->apply_filters, WPaaS\Cache_V2->ban, WPaaS\Cache_V2->request, WPaaS\Activity_logger->log_sp_action, WPaaS\Activity_logger->create_table, dbDelta
[14-Feb-2024 17:18:20 UTC] WordPress database error Commands out of sync; you can't run this command now for query SELECT option_value FROM wp_3wn9kjattn_options WHERE option_name = 'home' LIMIT 1 made by shutdown_action_hook, do_action('shutdown'), WP_Hook->do_action, WP_Hook->apply_filters, WPaaS\Cache_V2->ban, WPaaS\Cache_V2->request, WPaaS\Cache_V2->executeRequest, wp_remote_request, WP_Http->request, get_bloginfo, home_url, get_home_url, get_option
[14-Feb-2024 17:18:21 UTC] WordPress database error Commands out of sync; you can't run this command now for query SHOW FULL COLUMNS FROM `wp_3wn9kjattn_wpaas_activity_log` made by shutdown_action_hook, do_action('shutdown'), WP_Hook->do_action, WP_Hook->apply_filters, WPaaS\Cache_V2->ban, WPaaS\Cache_V2->flush_cdn, WPaaS\API->flush_cdn, WPaaS\API->call, WPaaS\Activity_logger->log_sp_action
[14-Feb-2024 17:18:21 UTC] WordPress database error Commands out of sync; you can't run this command now for query CREATE TABLE wp_3wn9kjattn_wpaas_activity_log (
            id BIGINT(20) UNSIGNED NOT NULL AUTO_INCREMENT,
            user_id BIGINT(20) UNSIGNED NOT NULL,
            activity TEXT NOT NULL,
            timestamp DATETIME NOT NULL DEFAULT CURRENT_TIMESTAMP,
            PRIMARY KEY  (id)
        ) DEFAULT CHARACTER SET utf8mb4 COLLATE utf8mb4_unicode_520_ci made by shutdown_action_hook, do_action('shutdown'), WP_Hook->do_action, WP_Hook->apply_filters, WPaaS\Cache_V2->ban, WPaaS\Cache_V2->flush_cdn, WPaaS\API->flush_cdn, WPaaS\API->call, WPaaS\Activity_logger->log_sp_action, WPaaS\Activity_logger->create_table, dbDelta
[14-Feb-2024 17:18:21 UTC] WordPress database error Commands out of sync; you can't run this command now for query SELECT option_value FROM wp_3wn9kjattn_options WHERE option_name = 'gd_system_polling_invalidation_id' LIMIT 1 made by shutdown_action_hook, do_action('shutdown'), WP_Hook->do_action, WP_Hook->apply_filters, WPaaS\Cache_V2->ban, WPaaS\Cache_V2->flush_cdn, update_option, get_option
[14-Feb-2024 17:18:21 UTC] WordPress database error Commands out of sync; you can't run this command now for query INSERT INTO `wp_3wn9kjattn_options` (`option_name`, `option_value`, `autoload`) VALUES ('gd_system_polling_invalidation_id', '2cMp3N1P4XRSB8RwrXLOUaHpWbk', 'yes') ON DUPLICATE KEY UPDATE `option_name` = VALUES(`option_name`), `option_value` = VALUES(`option_value`), `autoload` = VALUES(`autoload`) made by shutdown_action_hook, do_action('shutdown'), WP_Hook->do_action, WP_Hook->apply_filters, WPaaS\Cache_V2->ban, WPaaS\Cache_V2->flush_cdn, update_option, add_option
[14-Feb-2024 17:18:21 UTC] WordPress database error Commands out of sync; you can't run this command now for query SHOW FULL COLUMNS FROM `wp_3wn9kjattn_wpaas_activity_log` made by shutdown_action_hook, do_action('shutdown'), WP_Hook->do_action, WP_Hook->apply_filters, WPaaS\Cache_V2->ban, WPaaS\Cache_V2->flush_cdn, WPaaS\Activity_logger->log_sp_action
[14-Feb-2024 17:18:21 UTC] WordPress database error Commands out of sync; you can't run this command now for query CREATE TABLE wp_3wn9kjattn_wpaas_activity_log (
            id BIGINT(20) UNSIGNED NOT NULL AUTO_INCREMENT,
            user_id BIGINT(20) UNSIGNED NOT NULL,
            activity TEXT NOT NULL,
            timestamp DATETIME NOT NULL DEFAULT CURRENT_TIMESTAMP,
            PRIMARY KEY  (id)
        ) DEFAULT CHARACTER SET utf8mb4 COLLATE utf8mb4_unicode_520_ci made by shutdown_action_hook, do_action('shutdown'), WP_Hook->do_action, WP_Hook->apply_filters, WPaaS\Cache_V2->ban, WPaaS\Cache_V2->flush_cdn, WPaaS\Activity_logger->log_sp_action, WPaaS\Activity_logger->create_table, dbDelta
[14-Feb-2024 17:18:21 UTC] WordPress database error Commands out of sync; you can't run this command now for query SELECT option_value FROM wp_3wn9kjattn_options WHERE option_name = 'active_plugins' LIMIT 1 made by mwp_fail_safe, get_option
[14-Feb-2024 17:22:05 UTC] PHP Fatal error:  Allowed memory size of 268435456 bytes exhausted (tried to allocate 589824 bytes) in /var/www/wp-includes/class-wpdb.php on line 2320
[14-Feb-2024 17:22:11 UTC] PHP Fatal error:  Allowed memory size of 268435456 bytes exhausted (tried to allocate 688128 bytes) in /var/www/wp-includes/class-wpdb.php on line 2349
[14-Feb-2024 17:22:11 UTC] WordPress database error Commands out of sync; you can't run this command now for query UPDATE `wp_3wn9kjattn_options` SET `option_value` = 'a:2:{i:0;i:1707931192;i:1;i:1707931331;}' WHERE `option_name` = 'wpaas_cache_cnt' made by shutdown_action_hook, do_action('shutdown'), WP_Hook->do_action, WP_Hook->apply_filters, WPaaS\Cache_V2->ban, WPaaS\Cache_V2->increment_token, WPaaS\Cache_V2->upsert, update_option
[14-Feb-2024 17:22:11 UTC] WordPress database error Commands out of sync; you can't run this command now for query SELECT option_value FROM wp_3wn9kjattn_options WHERE option_name = 'gd_system_last_cache_flush' LIMIT 1 made by shutdown_action_hook, do_action('shutdown'), WP_Hook->do_action, WP_Hook->apply_filters, WPaaS\Cache_V2->ban, WPaaS\Cache_V2->request, update_option, get_option
[14-Feb-2024 17:22:11 UTC] WordPress database error Commands out of sync; you can't run this command now for query INSERT INTO `wp_3wn9kjattn_options` (`option_name`, `option_value`, `autoload`) VALUES ('gd_system_last_cache_flush', '1707931331', 'yes') ON DUPLICATE KEY UPDATE `option_name` = VALUES(`option_name`), `option_value` = VALUES(`option_value`), `autoload` = VALUES(`autoload`) made by shutdown_action_hook, do_action('shutdown'), WP_Hook->do_action, WP_Hook->apply_filters, WPaaS\Cache_V2->ban, WPaaS\Cache_V2->request, update_option, add_option
[14-Feb-2024 17:22:11 UTC] WordPress database error Commands out of sync; you can't run this command now for query SELECT option_value FROM wp_3wn9kjattn_options WHERE option_name = 'timezone_string' LIMIT 1 made by shutdown_action_hook, do_action('shutdown'), WP_Hook->do_action, WP_Hook->apply_filters, WPaaS\Cache_V2->ban, WPaaS\Cache_V2->request, WPaaS\Activity_logger->log_sp_action, current_time, wp_timezone, wp_timezone_string, get_option
[14-Feb-2024 17:22:11 UTC] WordPress database error Commands out of sync; you can't run this command now for query SELECT option_value FROM wp_3wn9kjattn_options WHERE option_name = 'gmt_offset' LIMIT 1 made by shutdown_action_hook, do_action('shutdown'), WP_Hook->do_action, WP_Hook->apply_filters, WPaaS\Cache_V2->ban, WPaaS\Cache_V2->request, WPaaS\Activity_logger->log_sp_action, current_time, wp_timezone, wp_timezone_string, get_option
[14-Feb-2024 17:22:11 UTC] WordPress database error Commands out of sync; you can't run this command now for query SHOW FULL COLUMNS FROM `wp_3wn9kjattn_wpaas_activity_log` made by shutdown_action_hook, do_action('shutdown'), WP_Hook->do_action, WP_Hook->apply_filters, WPaaS\Cache_V2->ban, WPaaS\Cache_V2->request, WPaaS\Activity_logger->log_sp_action
[14-Feb-2024 17:22:11 UTC] WordPress database error Commands out of sync; you can't run this command now for query CREATE TABLE wp_3wn9kjattn_wpaas_activity_log (
            id BIGINT(20) UNSIGNED NOT NULL AUTO_INCREMENT,
            user_id BIGINT(20) UNSIGNED NOT NULL,
            activity TEXT NOT NULL,
            timestamp DATETIME NOT NULL DEFAULT CURRENT_TIMESTAMP,
            PRIMARY KEY  (id)
        ) DEFAULT CHARACTER SET utf8mb4 COLLATE utf8mb4_unicode_520_ci made by shutdown_action_hook, do_action('shutdown'), WP_Hook->do_action, WP_Hook->apply_filters, WPaaS\Cache_V2->ban, WPaaS\Cache_V2->request, WPaaS\Activity_logger->log_sp_action, WPaaS\Activity_logger->create_table, dbDelta
[14-Feb-2024 17:22:11 UTC] WordPress database error Commands out of sync; you can't run this command now for query SELECT option_value FROM wp_3wn9kjattn_options WHERE option_name = 'home' LIMIT 1 made by shutdown_action_hook, do_action('shutdown'), WP_Hook->do_action, WP_Hook->apply_filters, WPaaS\Cache_V2->ban, WPaaS\Cache_V2->request, WPaaS\Cache_V2->executeRequest, wp_remote_request, WP_Http->request, get_bloginfo, home_url, get_home_url, get_option
[14-Feb-2024 17:22:11 UTC] WordPress database error Commands out of sync; you can't run this command now for query SHOW FULL COLUMNS FROM `wp_3wn9kjattn_wpaas_activity_log` made by shutdown_action_hook, do_action('shutdown'), WP_Hook->do_action, WP_Hook->apply_filters, WPaaS\Cache_V2->ban, WPaaS\Cache_V2->flush_cdn, WPaaS\API->flush_cdn, WPaaS\API->call, WPaaS\Activity_logger->log_sp_action
[14-Feb-2024 17:22:11 UTC] WordPress database error Commands out of sync; you can't run this command now for query CREATE TABLE wp_3wn9kjattn_wpaas_activity_log (
            id BIGINT(20) UNSIGNED NOT NULL AUTO_INCREMENT,
            user_id BIGINT(20) UNSIGNED NOT NULL,
            activity TEXT NOT NULL,
            timestamp DATETIME NOT NULL DEFAULT CURRENT_TIMESTAMP,
            PRIMARY KEY  (id)
        ) DEFAULT CHARACTER SET utf8mb4 COLLATE utf8mb4_unicode_520_ci made by shutdown_action_hook, do_action('shutdown'), WP_Hook->do_action, WP_Hook->apply_filters, WPaaS\Cache_V2->ban, WPaaS\Cache_V2->flush_cdn, WPaaS\API->flush_cdn, WPaaS\API->call, WPaaS\Activity_logger->log_sp_action, WPaaS\Activity_logger->create_table, dbDelta
[14-Feb-2024 17:22:11 UTC] WordPress database error Commands out of sync; you can't run this command now for query SELECT option_value FROM wp_3wn9kjattn_options WHERE option_name = 'gd_system_polling_invalidation_id' LIMIT 1 made by shutdown_action_hook, do_action('shutdown'), WP_Hook->do_action, WP_Hook->apply_filters, WPaaS\Cache_V2->ban, WPaaS\Cache_V2->flush_cdn, update_option, get_option
[14-Feb-2024 17:22:11 UTC] WordPress database error Commands out of sync; you can't run this command now for query INSERT INTO `wp_3wn9kjattn_options` (`option_name`, `option_value`, `autoload`) VALUES ('gd_system_polling_invalidation_id', '2cMpWDptQLXZC8clRVWMvqkLsYp', 'yes') ON DUPLICATE KEY UPDATE `option_name` = VALUES(`option_name`), `option_value` = VALUES(`option_value`), `autoload` = VALUES(`autoload`) made by shutdown_action_hook, do_action('shutdown'), WP_Hook->do_action, WP_Hook->apply_filters, WPaaS\Cache_V2->ban, WPaaS\Cache_V2->flush_cdn, update_option, add_option
[14-Feb-2024 17:22:11 UTC] WordPress database error Commands out of sync; you can't run this command now for query SHOW FULL COLUMNS FROM `wp_3wn9kjattn_wpaas_activity_log` made by shutdown_action_hook, do_action('shutdown'), WP_Hook->do_action, WP_Hook->apply_filters, WPaaS\Cache_V2->ban, WPaaS\Cache_V2->flush_cdn, WPaaS\Activity_logger->log_sp_action
[14-Feb-2024 17:22:11 UTC] WordPress database error Commands out of sync; you can't run this command now for query CREATE TABLE wp_3wn9kjattn_wpaas_activity_log (
            id BIGINT(20) UNSIGNED NOT NULL AUTO_INCREMENT,
            user_id BIGINT(20) UNSIGNED NOT NULL,
            activity TEXT NOT NULL,
            timestamp DATETIME NOT NULL DEFAULT CURRENT_TIMESTAMP,
            PRIMARY KEY  (id)
        ) DEFAULT CHARACTER SET utf8mb4 COLLATE utf8mb4_unicode_520_ci made by shutdown_action_hook, do_action('shutdown'), WP_Hook->do_action, WP_Hook->apply_filters, WPaaS\Cache_V2->ban, WPaaS\Cache_V2->flush_cdn, WPaaS\Activity_logger->log_sp_action, WPaaS\Activity_logger->create_table, dbDelta
[14-Feb-2024 17:22:11 UTC] WordPress database error Commands out of sync; you can't run this command now for query SELECT option_value FROM wp_3wn9kjattn_options WHERE option_name = 'active_plugins' LIMIT 1 made by mwp_fail_safe, get_option
[14-Feb-2024 17:22:14 UTC] PHP Deprecated:  trim(): Passing null to parameter #1 ($string) of type string is deprecated in /var/www/wp-content/plugins/elementor-pro/modules/custom-css/module.php on line 96
[14-Feb-2024 17:22:14 UTC] PHP Deprecated:  trim(): Passing null to parameter #1 ($string) of type string is deprecated in /var/www/wp-content/plugins/elementor-pro/modules/custom-css/module.php on line 96
[14-Feb-2024 17:22:14 UTC] PHP Deprecated:  trim(): Passing null to parameter #1 ($string) of type string is deprecated in /var/www/wp-content/plugins/elementor-pro/modules/custom-css/module.php on line 96
[14-Feb-2024 17:22:37 UTC] PHP Fatal error:  Allowed memory size of 268435456 bytes exhausted (tried to allocate 823296 bytes) in /var/www/wp-includes/class-wpdb.php on line 2349
[14-Feb-2024 17:22:37 UTC] WordPress database error Commands out of sync; you can't run this command now for query UPDATE `wp_3wn9kjattn_options` SET `option_value` = 'a:2:{i:0;i:1707931192;i:1;i:1707931357;}' WHERE `option_name` = 'wpaas_cache_cnt' made by shutdown_action_hook, do_action('shutdown'), WP_Hook->do_action, WP_Hook->apply_filters, WPaaS\Cache_V2->ban, WPaaS\Cache_V2->increment_token, WPaaS\Cache_V2->upsert, update_option
[14-Feb-2024 17:22:37 UTC] WordPress database error Commands out of sync; you can't run this command now for query SELECT option_value FROM wp_3wn9kjattn_options WHERE option_name = 'gd_system_last_cache_flush' LIMIT 1 made by shutdown_action_hook, do_action('shutdown'), WP_Hook->do_action, WP_Hook->apply_filters, WPaaS\Cache_V2->ban, WPaaS\Cache_V2->request, update_option, get_option
[14-Feb-2024 17:22:37 UTC] WordPress database error Commands out of sync; you can't run this command now for query INSERT INTO `wp_3wn9kjattn_options` (`option_name`, `option_value`, `autoload`) VALUES ('gd_system_last_cache_flush', '1707931357', 'yes') ON DUPLICATE KEY UPDATE `option_name` = VALUES(`option_name`), `option_value` = VALUES(`option_value`), `autoload` = VALUES(`autoload`) made by shutdown_action_hook, do_action('shutdown'), WP_Hook->do_action, WP_Hook->apply_filters, WPaaS\Cache_V2->ban, WPaaS\Cache_V2->request, update_option, add_option
[14-Feb-2024 17:22:37 UTC] WordPress database error Commands out of sync; you can't run this command now for query SELECT option_value FROM wp_3wn9kjattn_options WHERE option_name = 'timezone_string' LIMIT 1 made by shutdown_action_hook, do_action('shutdown'), WP_Hook->do_action, WP_Hook->apply_filters, WPaaS\Cache_V2->ban, WPaaS\Cache_V2->request, WPaaS\Activity_logger->log_sp_action, current_time, wp_timezone, wp_timezone_string, get_option
[14-Feb-2024 17:22:37 UTC] WordPress database error Commands out of sync; you can't run this command now for query SELECT option_value FROM wp_3wn9kjattn_options WHERE option_name = 'gmt_offset' LIMIT 1 made by shutdown_action_hook, do_action('shutdown'), WP_Hook->do_action, WP_Hook->apply_filters, WPaaS\Cache_V2->ban, WPaaS\Cache_V2->request, WPaaS\Activity_logger->log_sp_action, current_time, wp_timezone, wp_timezone_string, get_option
[14-Feb-2024 17:22:37 UTC] WordPress database error Commands out of sync; you can't run this command now for query SHOW FULL COLUMNS FROM `wp_3wn9kjattn_wpaas_activity_log` made by shutdown_action_hook, do_action('shutdown'), WP_Hook->do_action, WP_Hook->apply_filters, WPaaS\Cache_V2->ban, WPaaS\Cache_V2->request, WPaaS\Activity_logger->log_sp_action
[14-Feb-2024 17:22:37 UTC] WordPress database error Commands out of sync; you can't run this command now for query CREATE TABLE wp_3wn9kjattn_wpaas_activity_log (
            id BIGINT(20) UNSIGNED NOT NULL AUTO_INCREMENT,
            user_id BIGINT(20) UNSIGNED NOT NULL,
            activity TEXT NOT NULL,
            timestamp DATETIME NOT NULL DEFAULT CURRENT_TIMESTAMP,
            PRIMARY KEY  (id)
        ) DEFAULT CHARACTER SET utf8mb4 COLLATE utf8mb4_unicode_520_ci made by shutdown_action_hook, do_action('shutdown'), WP_Hook->do_action, WP_Hook->apply_filters, WPaaS\Cache_V2->ban, WPaaS\Cache_V2->request, WPaaS\Activity_logger->log_sp_action, WPaaS\Activity_logger->create_table, dbDelta
[14-Feb-2024 17:22:37 UTC] WordPress database error Commands out of sync; you can't run this command now for query SELECT option_value FROM wp_3wn9kjattn_options WHERE option_name = 'home' LIMIT 1 made by shutdown_action_hook, do_action('shutdown'), WP_Hook->do_action, WP_Hook->apply_filters, WPaaS\Cache_V2->ban, WPaaS\Cache_V2->request, WPaaS\Cache_V2->executeRequest, wp_remote_request, WP_Http->request, get_bloginfo, home_url, get_home_url, get_option
[14-Feb-2024 17:22:38 UTC] WordPress database error Commands out of sync; you can't run this command now for query SHOW FULL COLUMNS FROM `wp_3wn9kjattn_wpaas_activity_log` made by shutdown_action_hook, do_action('shutdown'), WP_Hook->do_action, WP_Hook->apply_filters, WPaaS\Cache_V2->ban, WPaaS\Cache_V2->flush_cdn, WPaaS\API->flush_cdn, WPaaS\API->call, WPaaS\Activity_logger->log_sp_action
[14-Feb-2024 17:22:38 UTC] WordPress database error Commands out of sync; you can't run this command now for query CREATE TABLE wp_3wn9kjattn_wpaas_activity_log (
            id BIGINT(20) UNSIGNED NOT NULL AUTO_INCREMENT,
            user_id BIGINT(20) UNSIGNED NOT NULL,
            activity TEXT NOT NULL,
            timestamp DATETIME NOT NULL DEFAULT CURRENT_TIMESTAMP,
            PRIMARY KEY  (id)
        ) DEFAULT CHARACTER SET utf8mb4 COLLATE utf8mb4_unicode_520_ci made by shutdown_action_hook, do_action('shutdown'), WP_Hook->do_action, WP_Hook->apply_filters, WPaaS\Cache_V2->ban, WPaaS\Cache_V2->flush_cdn, WPaaS\API->flush_cdn, WPaaS\API->call, WPaaS\Activity_logger->log_sp_action, WPaaS\Activity_logger->create_table, dbDelta
[14-Feb-2024 17:22:38 UTC] WordPress database error Commands out of sync; you can't run this command now for query SELECT option_value FROM wp_3wn9kjattn_options WHERE option_name = 'gd_system_polling_invalidation_id' LIMIT 1 made by shutdown_action_hook, do_action('shutdown'), WP_Hook->do_action, WP_Hook->apply_filters, WPaaS\Cache_V2->ban, WPaaS\Cache_V2->flush_cdn, update_option, get_option
[14-Feb-2024 17:22:38 UTC] WordPress database error Commands out of sync; you can't run this command now for query INSERT INTO `wp_3wn9kjattn_options` (`option_name`, `option_value`, `autoload`) VALUES ('gd_system_polling_invalidation_id', '2cMpZh9tXaZfmbOcFbGUMbvGK9r', 'yes') ON DUPLICATE KEY UPDATE `option_name` = VALUES(`option_name`), `option_value` = VALUES(`option_value`), `autoload` = VALUES(`autoload`) made by shutdown_action_hook, do_action('shutdown'), WP_Hook->do_action, WP_Hook->apply_filters, WPaaS\Cache_V2->ban, WPaaS\Cache_V2->flush_cdn, update_option, add_option
[14-Feb-2024 17:22:38 UTC] WordPress database error Commands out of sync; you can't run this command now for query SHOW FULL COLUMNS FROM `wp_3wn9kjattn_wpaas_activity_log` made by shutdown_action_hook, do_action('shutdown'), WP_Hook->do_action, WP_Hook->apply_filters, WPaaS\Cache_V2->ban, WPaaS\Cache_V2->flush_cdn, WPaaS\Activity_logger->log_sp_action
[14-Feb-2024 17:22:38 UTC] WordPress database error Commands out of sync; you can't run this command now for query CREATE TABLE wp_3wn9kjattn_wpaas_activity_log (
            id BIGINT(20) UNSIGNED NOT NULL AUTO_INCREMENT,
            user_id BIGINT(20) UNSIGNED NOT NULL,
            activity TEXT NOT NULL,
            timestamp DATETIME NOT NULL DEFAULT CURRENT_TIMESTAMP,
            PRIMARY KEY  (id)
        ) DEFAULT CHARACTER SET utf8mb4 COLLATE utf8mb4_unicode_520_ci made by shutdown_action_hook, do_action('shutdown'), WP_Hook->do_action, WP_Hook->apply_filters, WPaaS\Cache_V2->ban, WPaaS\Cache_V2->flush_cdn, WPaaS\Activity_logger->log_sp_action, WPaaS\Activity_logger->create_table, dbDelta
[14-Feb-2024 17:22:38 UTC] WordPress database error Commands out of sync; you can't run this command now for query SELECT option_value FROM wp_3wn9kjattn_options WHERE option_name = 'active_plugins' LIMIT 1 made by mwp_fail_safe, get_option
[14-Feb-2024 17:22:57 UTC] PHP Fatal error:  Allowed memory size of 268435456 bytes exhausted (tried to allocate 577536 bytes) in /var/www/wp-includes/class-wpdb.php on line 2349
[14-Feb-2024 17:22:57 UTC] WordPress database error Commands out of sync; you can't run this command now for query UPDATE `wp_3wn9kjattn_options` SET `option_value` = 'a:2:{i:0;i:1707931192;i:1;i:1707931377;}' WHERE `option_name` = 'wpaas_cache_cnt' made by shutdown_action_hook, do_action('shutdown'), WP_Hook->do_action, WP_Hook->apply_filters, WPaaS\Cache_V2->ban, WPaaS\Cache_V2->increment_token, WPaaS\Cache_V2->upsert, update_option
[14-Feb-2024 17:22:57 UTC] WordPress database error Commands out of sync; you can't run this command now for query SELECT option_value FROM wp_3wn9kjattn_options WHERE option_name = 'gd_system_last_cache_flush' LIMIT 1 made by shutdown_action_hook, do_action('shutdown'), WP_Hook->do_action, WP_Hook->apply_filters, WPaaS\Cache_V2->ban, WPaaS\Cache_V2->request, update_option, get_option
[14-Feb-2024 17:22:57 UTC] WordPress database error Commands out of sync; you can't run this command now for query INSERT INTO `wp_3wn9kjattn_options` (`option_name`, `option_value`, `autoload`) VALUES ('gd_system_last_cache_flush', '1707931377', 'yes') ON DUPLICATE KEY UPDATE `option_name` = VALUES(`option_name`), `option_value` = VALUES(`option_value`), `autoload` = VALUES(`autoload`) made by shutdown_action_hook, do_action('shutdown'), WP_Hook->do_action, WP_Hook->apply_filters, WPaaS\Cache_V2->ban, WPaaS\Cache_V2->request, update_option, add_option
[14-Feb-2024 17:22:57 UTC] WordPress database error Commands out of sync; you can't run this command now for query SELECT option_value FROM wp_3wn9kjattn_options WHERE option_name = 'timezone_string' LIMIT 1 made by shutdown_action_hook, do_action('shutdown'), WP_Hook->do_action, WP_Hook->apply_filters, WPaaS\Cache_V2->ban, WPaaS\Cache_V2->request, WPaaS\Activity_logger->log_sp_action, current_time, wp_timezone, wp_timezone_string, get_option
[14-Feb-2024 17:22:57 UTC] WordPress database error Commands out of sync; you can't run this command now for query SELECT option_value FROM wp_3wn9kjattn_options WHERE option_name = 'gmt_offset' LIMIT 1 made by shutdown_action_hook, do_action('shutdown'), WP_Hook->do_action, WP_Hook->apply_filters, WPaaS\Cache_V2->ban, WPaaS\Cache_V2->request, WPaaS\Activity_logger->log_sp_action, current_time, wp_timezone, wp_timezone_string, get_option
[14-Feb-2024 17:22:57 UTC] WordPress database error Commands out of sync; you can't run this command now for query SHOW FULL COLUMNS FROM `wp_3wn9kjattn_wpaas_activity_log` made by shutdown_action_hook, do_action('shutdown'), WP_Hook->do_action, WP_Hook->apply_filters, WPaaS\Cache_V2->ban, WPaaS\Cache_V2->request, WPaaS\Activity_logger->log_sp_action
[14-Feb-2024 17:22:57 UTC] WordPress database error Commands out of sync; you can't run this command now for query CREATE TABLE wp_3wn9kjattn_wpaas_activity_log (
            id BIGINT(20) UNSIGNED NOT NULL AUTO_INCREMENT,
            user_id BIGINT(20) UNSIGNED NOT NULL,
            activity TEXT NOT NULL,
            timestamp DATETIME NOT NULL DEFAULT CURRENT_TIMESTAMP,
            PRIMARY KEY  (id)
        ) DEFAULT CHARACTER SET utf8mb4 COLLATE utf8mb4_unicode_520_ci made by shutdown_action_hook, do_action('shutdown'), WP_Hook->do_action, WP_Hook->apply_filters, WPaaS\Cache_V2->ban, WPaaS\Cache_V2->request, WPaaS\Activity_logger->log_sp_action, WPaaS\Activity_logger->create_table, dbDelta
[14-Feb-2024 17:22:57 UTC] WordPress database error Commands out of sync; you can't run this command now for query SELECT option_value FROM wp_3wn9kjattn_options WHERE option_name = 'home' LIMIT 1 made by shutdown_action_hook, do_action('shutdown'), WP_Hook->do_action, WP_Hook->apply_filters, WPaaS\Cache_V2->ban, WPaaS\Cache_V2->request, WPaaS\Cache_V2->executeRequest, wp_remote_request, WP_Http->request, get_bloginfo, home_url, get_home_url, get_option
[14-Feb-2024 17:22:58 UTC] WordPress database error Commands out of sync; you can't run this command now for query SHOW FULL COLUMNS FROM `wp_3wn9kjattn_wpaas_activity_log` made by shutdown_action_hook, do_action('shutdown'), WP_Hook->do_action, WP_Hook->apply_filters, WPaaS\Cache_V2->ban, WPaaS\Cache_V2->flush_cdn, WPaaS\API->flush_cdn, WPaaS\API->call, WPaaS\Activity_logger->log_sp_action
[14-Feb-2024 17:22:58 UTC] WordPress database error Commands out of sync; you can't run this command now for query CREATE TABLE wp_3wn9kjattn_wpaas_activity_log (
            id BIGINT(20) UNSIGNED NOT NULL AUTO_INCREMENT,
            user_id BIGINT(20) UNSIGNED NOT NULL,
            activity TEXT NOT NULL,
            timestamp DATETIME NOT NULL DEFAULT CURRENT_TIMESTAMP,
            PRIMARY KEY  (id)
        ) DEFAULT CHARACTER SET utf8mb4 COLLATE utf8mb4_unicode_520_ci made by shutdown_action_hook, do_action('shutdown'), WP_Hook->do_action, WP_Hook->apply_filters, WPaaS\Cache_V2->ban, WPaaS\Cache_V2->flush_cdn, WPaaS\API->flush_cdn, WPaaS\API->call, WPaaS\Activity_logger->log_sp_action, WPaaS\Activity_logger->create_table, dbDelta
[14-Feb-2024 17:22:58 UTC] WordPress database error Commands out of sync; you can't run this command now for query SELECT option_value FROM wp_3wn9kjattn_options WHERE option_name = 'gd_system_polling_invalidation_id' LIMIT 1 made by shutdown_action_hook, do_action('shutdown'), WP_Hook->do_action, WP_Hook->apply_filters, WPaaS\Cache_V2->ban, WPaaS\Cache_V2->flush_cdn, update_option, get_option
[14-Feb-2024 17:22:58 UTC] WordPress database error Commands out of sync; you can't run this command now for query INSERT INTO `wp_3wn9kjattn_options` (`option_name`, `option_value`, `autoload`) VALUES ('gd_system_polling_invalidation_id', '2cMpcD17Tah8t6KeSCaLSDLMw0r', 'yes') ON DUPLICATE KEY UPDATE `option_name` = VALUES(`option_name`), `option_value` = VALUES(`option_value`), `autoload` = VALUES(`autoload`) made by shutdown_action_hook, do_action('shutdown'), WP_Hook->do_action, WP_Hook->apply_filters, WPaaS\Cache_V2->ban, WPaaS\Cache_V2->flush_cdn, update_option, add_option
[14-Feb-2024 17:22:58 UTC] WordPress database error Commands out of sync; you can't run this command now for query SHOW FULL COLUMNS FROM `wp_3wn9kjattn_wpaas_activity_log` made by shutdown_action_hook, do_action('shutdown'), WP_Hook->do_action, WP_Hook->apply_filters, WPaaS\Cache_V2->ban, WPaaS\Cache_V2->flush_cdn, WPaaS\Activity_logger->log_sp_action
[14-Feb-2024 17:22:58 UTC] WordPress database error Commands out of sync; you can't run this command now for query CREATE TABLE wp_3wn9kjattn_wpaas_activity_log (
            id BIGINT(20) UNSIGNED NOT NULL AUTO_INCREMENT,
            user_id BIGINT(20) UNSIGNED NOT NULL,
            activity TEXT NOT NULL,
            timestamp DATETIME NOT NULL DEFAULT CURRENT_TIMESTAMP,
            PRIMARY KEY  (id)
        ) DEFAULT CHARACTER SET utf8mb4 COLLATE utf8mb4_unicode_520_ci made by shutdown_action_hook, do_action('shutdown'), WP_Hook->do_action, WP_Hook->apply_filters, WPaaS\Cache_V2->ban, WPaaS\Cache_V2->flush_cdn, WPaaS\Activity_logger->log_sp_action, WPaaS\Activity_logger->create_table, dbDelta
[14-Feb-2024 17:22:58 UTC] WordPress database error Commands out of sync; you can't run this command now for query SELECT option_value FROM wp_3wn9kjattn_options WHERE option_name = 'active_plugins' LIMIT 1 made by mwp_fail_safe, get_option
[14-Feb-2024 17:24:44 UTC] PHP Fatal error:  Allowed memory size of 268435456 bytes exhausted (tried to allocate 516096 bytes) in /var/www/wp-includes/class-wpdb.php on line 2320
[14-Feb-2024 17:24:51 UTC] PHP Fatal error:  Allowed memory size of 268435456 bytes exhausted (tried to allocate 516096 bytes) in /var/www/wp-includes/class-wpdb.php on line 2320
[14-Feb-2024 17:30:39 UTC] PHP Fatal error:  Allowed memory size of 268435456 bytes exhausted (tried to allocate 471040 bytes) in /var/www/wp-includes/class-wpdb.php on line 2320
[14-Feb-2024 17:36:09 UTC] PHP Fatal error:  Allowed memory size of 268435456 bytes exhausted (tried to allocate 430080 bytes) in /var/www/wp-includes/class-wpdb.php on line 2320
[14-Feb-2024 17:36:18 UTC] PHP Deprecated:  trim(): Passing null to parameter #1 ($string) of type string is deprecated in /var/www/wp-content/plugins/elementor-pro/modules/custom-css/module.php on line 96
[14-Feb-2024 17:36:18 UTC] PHP Deprecated:  trim(): Passing null to parameter #1 ($string) of type string is deprecated in /var/www/wp-content/plugins/elementor-pro/modules/custom-css/module.php on line 96
[14-Feb-2024 17:36:19 UTC] PHP Deprecated:  trim(): Passing null to parameter #1 ($string) of type string is deprecated in /var/www/wp-content/plugins/elementor-pro/modules/custom-css/module.php on line 96
[14-Feb-2024 17:36:59 UTC] PHP Fatal error:  Allowed memory size of 268435456 bytes exhausted (tried to allocate 516096 bytes) in /var/www/wp-includes/class-wpdb.php on line 2320
[14-Feb-2024 17:37:54 UTC] PHP Fatal error:  Allowed memory size of 268435456 bytes exhausted (tried to allocate 430080 bytes) in /var/www/wp-includes/class-wpdb.php on line 2320
[14-Feb-2024 17:38:00 UTC] PHP Deprecated:  trim(): Passing null to parameter #1 ($string) of type string is deprecated in /var/www/wp-content/plugins/elementor-pro/modules/custom-css/module.php on line 96
[14-Feb-2024 17:38:00 UTC] PHP Deprecated:  trim(): Passing null to parameter #1 ($string) of type string is deprecated in /var/www/wp-content/plugins/elementor-pro/modules/custom-css/module.php on line 96
[14-Feb-2024 17:38:00 UTC] PHP Deprecated:  trim(): Passing null to parameter #1 ($string) of type string is deprecated in /var/www/wp-content/plugins/elementor-pro/modules/custom-css/module.php on line 96
[14-Feb-2024 17:38:00 UTC] PHP Deprecated:  trim(): Passing null to parameter #1 ($string) of type string is deprecated in /var/www/wp-content/plugins/elementor-pro/modules/custom-css/module.php on line 96
[14-Feb-2024 17:38:00 UTC] PHP Deprecated:  trim(): Passing null to parameter #1 ($string) of type string is deprecated in /var/www/wp-content/plugins/elementor-pro/modules/custom-css/module.php on line 96
[14-Feb-2024 17:41:17 UTC] PHP Fatal error:  Allowed memory size of 268435456 bytes exhausted (tried to allocate 589824 bytes) in /var/www/wp-includes/class-wpdb.php on line 2320
[14-Feb-2024 17:41:58 UTC] PHP Fatal error:  Allowed memory size of 268435456 bytes exhausted (tried to allocate 471040 bytes) in /var/www/wp-includes/class-wpdb.php on line 2320
[14-Feb-2024 17:42:04 UTC] PHP Fatal error:  Allowed memory size of 268435456 bytes exhausted (tried to allocate 589824 bytes) in /var/www/wp-includes/class-wpdb.php on line 2320
[14-Feb-2024 17:42:11 UTC] PHP Fatal error:  Allowed memory size of 268435456 bytes exhausted (tried to allocate 688128 bytes) in /var/www/wp-includes/class-wpdb.php on line 2349
[14-Feb-2024 17:42:11 UTC] WordPress database error Commands out of sync; you can't run this command now for query UPDATE `wp_3wn9kjattn_options` SET `option_value` = 'a:2:{i:0;i:1707932500;i:1;i:1707932531;}' WHERE `option_name` = 'wpaas_cache_cnt' made by shutdown_action_hook, do_action('shutdown'), WP_Hook->do_action, WP_Hook->apply_filters, WPaaS\Cache_V2->ban, WPaaS\Cache_V2->increment_token, WPaaS\Cache_V2->upsert, update_option
[14-Feb-2024 17:42:11 UTC] WordPress database error Commands out of sync; you can't run this command now for query SELECT option_value FROM wp_3wn9kjattn_options WHERE option_name = 'gd_system_last_cache_flush' LIMIT 1 made by shutdown_action_hook, do_action('shutdown'), WP_Hook->do_action, WP_Hook->apply_filters, WPaaS\Cache_V2->ban, WPaaS\Cache_V2->request, update_option, get_option
[14-Feb-2024 17:42:11 UTC] WordPress database error Commands out of sync; you can't run this command now for query INSERT INTO `wp_3wn9kjattn_options` (`option_name`, `option_value`, `autoload`) VALUES ('gd_system_last_cache_flush', '1707932531', 'yes') ON DUPLICATE KEY UPDATE `option_name` = VALUES(`option_name`), `option_value` = VALUES(`option_value`), `autoload` = VALUES(`autoload`) made by shutdown_action_hook, do_action('shutdown'), WP_Hook->do_action, WP_Hook->apply_filters, WPaaS\Cache_V2->ban, WPaaS\Cache_V2->request, update_option, add_option
[14-Feb-2024 17:42:11 UTC] WordPress database error Commands out of sync; you can't run this command now for query SELECT option_value FROM wp_3wn9kjattn_options WHERE option_name = 'timezone_string' LIMIT 1 made by shutdown_action_hook, do_action('shutdown'), WP_Hook->do_action, WP_Hook->apply_filters, WPaaS\Cache_V2->ban, WPaaS\Cache_V2->request, WPaaS\Activity_logger->log_sp_action, current_time, wp_timezone, wp_timezone_string, get_option
[14-Feb-2024 17:42:11 UTC] WordPress database error Commands out of sync; you can't run this command now for query SELECT option_value FROM wp_3wn9kjattn_options WHERE option_name = 'gmt_offset' LIMIT 1 made by shutdown_action_hook, do_action('shutdown'), WP_Hook->do_action, WP_Hook->apply_filters, WPaaS\Cache_V2->ban, WPaaS\Cache_V2->request, WPaaS\Activity_logger->log_sp_action, current_time, wp_timezone, wp_timezone_string, get_option
[14-Feb-2024 17:42:11 UTC] WordPress database error Commands out of sync; you can't run this command now for query SHOW FULL COLUMNS FROM `wp_3wn9kjattn_wpaas_activity_log` made by shutdown_action_hook, do_action('shutdown'), WP_Hook->do_action, WP_Hook->apply_filters, WPaaS\Cache_V2->ban, WPaaS\Cache_V2->request, WPaaS\Activity_logger->log_sp_action
[14-Feb-2024 17:42:11 UTC] WordPress database error Commands out of sync; you can't run this command now for query CREATE TABLE wp_3wn9kjattn_wpaas_activity_log (
            id BIGINT(20) UNSIGNED NOT NULL AUTO_INCREMENT,
            user_id BIGINT(20) UNSIGNED NOT NULL,
            activity TEXT NOT NULL,
            timestamp DATETIME NOT NULL DEFAULT CURRENT_TIMESTAMP,
            PRIMARY KEY  (id)
        ) DEFAULT CHARACTER SET utf8mb4 COLLATE utf8mb4_unicode_520_ci made by shutdown_action_hook, do_action('shutdown'), WP_Hook->do_action, WP_Hook->apply_filters, WPaaS\Cache_V2->ban, WPaaS\Cache_V2->request, WPaaS\Activity_logger->log_sp_action, WPaaS\Activity_logger->create_table, dbDelta
[14-Feb-2024 17:42:11 UTC] WordPress database error Commands out of sync; you can't run this command now for query SELECT option_value FROM wp_3wn9kjattn_options WHERE option_name = 'home' LIMIT 1 made by shutdown_action_hook, do_action('shutdown'), WP_Hook->do_action, WP_Hook->apply_filters, WPaaS\Cache_V2->ban, WPaaS\Cache_V2->request, WPaaS\Cache_V2->executeRequest, wp_remote_request, WP_Http->request, get_bloginfo, home_url, get_home_url, get_option
[14-Feb-2024 17:42:12 UTC] WordPress database error Commands out of sync; you can't run this command now for query SHOW FULL COLUMNS FROM `wp_3wn9kjattn_wpaas_activity_log` made by shutdown_action_hook, do_action('shutdown'), WP_Hook->do_action, WP_Hook->apply_filters, WPaaS\Cache_V2->ban, WPaaS\Cache_V2->flush_cdn, WPaaS\API->flush_cdn, WPaaS\API->call, WPaaS\Activity_logger->log_sp_action
[14-Feb-2024 17:42:12 UTC] WordPress database error Commands out of sync; you can't run this command now for query CREATE TABLE wp_3wn9kjattn_wpaas_activity_log (
            id BIGINT(20) UNSIGNED NOT NULL AUTO_INCREMENT,
            user_id BIGINT(20) UNSIGNED NOT NULL,
            activity TEXT NOT NULL,
            timestamp DATETIME NOT NULL DEFAULT CURRENT_TIMESTAMP,
            PRIMARY KEY  (id)
        ) DEFAULT CHARACTER SET utf8mb4 COLLATE utf8mb4_unicode_520_ci made by shutdown_action_hook, do_action('shutdown'), WP_Hook->do_action, WP_Hook->apply_filters, WPaaS\Cache_V2->ban, WPaaS\Cache_V2->flush_cdn, WPaaS\API->flush_cdn, WPaaS\API->call, WPaaS\Activity_logger->log_sp_action, WPaaS\Activity_logger->create_table, dbDelta
[14-Feb-2024 17:42:12 UTC] WordPress database error Commands out of sync; you can't run this command now for query SELECT option_value FROM wp_3wn9kjattn_options WHERE option_name = 'gd_system_polling_invalidation_id' LIMIT 1 made by shutdown_action_hook, do_action('shutdown'), WP_Hook->do_action, WP_Hook->apply_filters, WPaaS\Cache_V2->ban, WPaaS\Cache_V2->flush_cdn, update_option, get_option
[14-Feb-2024 17:42:12 UTC] WordPress database error Commands out of sync; you can't run this command now for query INSERT INTO `wp_3wn9kjattn_options` (`option_name`, `option_value`, `autoload`) VALUES ('gd_system_polling_invalidation_id', '2cMrxFptm6lnbSgCvPqKRfHUkHZ', 'yes') ON DUPLICATE KEY UPDATE `option_name` = VALUES(`option_name`), `option_value` = VALUES(`option_value`), `autoload` = VALUES(`autoload`) made by shutdown_action_hook, do_action('shutdown'), WP_Hook->do_action, WP_Hook->apply_filters, WPaaS\Cache_V2->ban, WPaaS\Cache_V2->flush_cdn, update_option, add_option
[14-Feb-2024 17:42:12 UTC] WordPress database error Commands out of sync; you can't run this command now for query SHOW FULL COLUMNS FROM `wp_3wn9kjattn_wpaas_activity_log` made by shutdown_action_hook, do_action('shutdown'), WP_Hook->do_action, WP_Hook->apply_filters, WPaaS\Cache_V2->ban, WPaaS\Cache_V2->flush_cdn, WPaaS\Activity_logger->log_sp_action
[14-Feb-2024 17:42:12 UTC] WordPress database error Commands out of sync; you can't run this command now for query CREATE TABLE wp_3wn9kjattn_wpaas_activity_log (
            id BIGINT(20) UNSIGNED NOT NULL AUTO_INCREMENT,
            user_id BIGINT(20) UNSIGNED NOT NULL,
            activity TEXT NOT NULL,
            timestamp DATETIME NOT NULL DEFAULT CURRENT_TIMESTAMP,
            PRIMARY KEY  (id)
        ) DEFAULT CHARACTER SET utf8mb4 COLLATE utf8mb4_unicode_520_ci made by shutdown_action_hook, do_action('shutdown'), WP_Hook->do_action, WP_Hook->apply_filters, WPaaS\Cache_V2->ban, WPaaS\Cache_V2->flush_cdn, WPaaS\Activity_logger->log_sp_action, WPaaS\Activity_logger->create_table, dbDelta
[14-Feb-2024 17:42:12 UTC] WordPress database error Commands out of sync; you can't run this command now for query SELECT option_value FROM wp_3wn9kjattn_options WHERE option_name = 'active_plugins' LIMIT 1 made by mwp_fail_safe, get_option
[14-Feb-2024 17:42:20 UTC] PHP Fatal error:  Allowed memory size of 268435456 bytes exhausted (tried to allocate 471040 bytes) in /var/www/wp-includes/class-wpdb.php on line 2320
[14-Feb-2024 17:42:20 UTC] PHP Deprecated:  trim(): Passing null to parameter #1 ($string) of type string is deprecated in /var/www/wp-content/plugins/elementor-pro/modules/custom-css/module.php on line 96
[14-Feb-2024 17:42:20 UTC] PHP Deprecated:  trim(): Passing null to parameter #1 ($string) of type string is deprecated in /var/www/wp-content/plugins/elementor-pro/modules/custom-css/module.php on line 96
[14-Feb-2024 17:42:20 UTC] PHP Deprecated:  trim(): Passing null to parameter #1 ($string) of type string is deprecated in /var/www/wp-content/plugins/elementor-pro/modules/custom-css/module.php on line 96
[14-Feb-2024 17:42:20 UTC] PHP Fatal error:  Allowed memory size of 268435456 bytes exhausted (tried to allocate 688128 bytes) in /var/www/wp-includes/class-wpdb.php on line 2349
[14-Feb-2024 17:42:20 UTC] WordPress database error Commands out of sync; you can't run this command now for query UPDATE `wp_3wn9kjattn_options` SET `option_value` = 'a:2:{i:0;i:1707932500;i:1;i:1707932540;}' WHERE `option_name` = 'wpaas_cache_cnt' made by shutdown_action_hook, do_action('shutdown'), WP_Hook->do_action, WP_Hook->apply_filters, WPaaS\Cache_V2->ban, WPaaS\Cache_V2->increment_token, WPaaS\Cache_V2->upsert, update_option
[14-Feb-2024 17:42:20 UTC] WordPress database error Commands out of sync; you can't run this command now for query SELECT option_value FROM wp_3wn9kjattn_options WHERE option_name = 'gd_system_last_cache_flush' LIMIT 1 made by shutdown_action_hook, do_action('shutdown'), WP_Hook->do_action, WP_Hook->apply_filters, WPaaS\Cache_V2->ban, WPaaS\Cache_V2->request, update_option, get_option
[14-Feb-2024 17:42:20 UTC] WordPress database error Commands out of sync; you can't run this command now for query INSERT INTO `wp_3wn9kjattn_options` (`option_name`, `option_value`, `autoload`) VALUES ('gd_system_last_cache_flush', '1707932540', 'yes') ON DUPLICATE KEY UPDATE `option_name` = VALUES(`option_name`), `option_value` = VALUES(`option_value`), `autoload` = VALUES(`autoload`) made by shutdown_action_hook, do_action('shutdown'), WP_Hook->do_action, WP_Hook->apply_filters, WPaaS\Cache_V2->ban, WPaaS\Cache_V2->request, update_option, add_option
[14-Feb-2024 17:42:20 UTC] WordPress database error Commands out of sync; you can't run this command now for query SELECT option_value FROM wp_3wn9kjattn_options WHERE option_name = 'timezone_string' LIMIT 1 made by shutdown_action_hook, do_action('shutdown'), WP_Hook->do_action, WP_Hook->apply_filters, WPaaS\Cache_V2->ban, WPaaS\Cache_V2->request, WPaaS\Activity_logger->log_sp_action, current_time, wp_timezone, wp_timezone_string, get_option
[14-Feb-2024 17:42:20 UTC] WordPress database error Commands out of sync; you can't run this command now for query SELECT option_value FROM wp_3wn9kjattn_options WHERE option_name = 'gmt_offset' LIMIT 1 made by shutdown_action_hook, do_action('shutdown'), WP_Hook->do_action, WP_Hook->apply_filters, WPaaS\Cache_V2->ban, WPaaS\Cache_V2->request, WPaaS\Activity_logger->log_sp_action, current_time, wp_timezone, wp_timezone_string, get_option
[14-Feb-2024 17:42:20 UTC] WordPress database error Commands out of sync; you can't run this command now for query SHOW FULL COLUMNS FROM `wp_3wn9kjattn_wpaas_activity_log` made by shutdown_action_hook, do_action('shutdown'), WP_Hook->do_action, WP_Hook->apply_filters, WPaaS\Cache_V2->ban, WPaaS\Cache_V2->request, WPaaS\Activity_logger->log_sp_action
[14-Feb-2024 17:42:20 UTC] WordPress database error Commands out of sync; you can't run this command now for query CREATE TABLE wp_3wn9kjattn_wpaas_activity_log (
            id BIGINT(20) UNSIGNED NOT NULL AUTO_INCREMENT,
            user_id BIGINT(20) UNSIGNED NOT NULL,
            activity TEXT NOT NULL,
            timestamp DATETIME NOT NULL DEFAULT CURRENT_TIMESTAMP,
            PRIMARY KEY  (id)
        ) DEFAULT CHARACTER SET utf8mb4 COLLATE utf8mb4_unicode_520_ci made by shutdown_action_hook, do_action('shutdown'), WP_Hook->do_action, WP_Hook->apply_filters, WPaaS\Cache_V2->ban, WPaaS\Cache_V2->request, WPaaS\Activity_logger->log_sp_action, WPaaS\Activity_logger->create_table, dbDelta
[14-Feb-2024 17:42:20 UTC] WordPress database error Commands out of sync; you can't run this command now for query SELECT option_value FROM wp_3wn9kjattn_options WHERE option_name = 'home' LIMIT 1 made by shutdown_action_hook, do_action('shutdown'), WP_Hook->do_action, WP_Hook->apply_filters, WPaaS\Cache_V2->ban, WPaaS\Cache_V2->request, WPaaS\Cache_V2->executeRequest, wp_remote_request, WP_Http->request, get_bloginfo, home_url, get_home_url, get_option
[14-Feb-2024 17:42:21 UTC] WordPress database error Commands out of sync; you can't run this command now for query SHOW FULL COLUMNS FROM `wp_3wn9kjattn_wpaas_activity_log` made by shutdown_action_hook, do_action('shutdown'), WP_Hook->do_action, WP_Hook->apply_filters, WPaaS\Cache_V2->ban, WPaaS\Cache_V2->flush_cdn, WPaaS\API->flush_cdn, WPaaS\API->call, WPaaS\Activity_logger->log_sp_action
[14-Feb-2024 17:42:21 UTC] WordPress database error Commands out of sync; you can't run this command now for query CREATE TABLE wp_3wn9kjattn_wpaas_activity_log (
            id BIGINT(20) UNSIGNED NOT NULL AUTO_INCREMENT,
            user_id BIGINT(20) UNSIGNED NOT NULL,
            activity TEXT NOT NULL,
            timestamp DATETIME NOT NULL DEFAULT CURRENT_TIMESTAMP,
            PRIMARY KEY  (id)
        ) DEFAULT CHARACTER SET utf8mb4 COLLATE utf8mb4_unicode_520_ci made by shutdown_action_hook, do_action('shutdown'), WP_Hook->do_action, WP_Hook->apply_filters, WPaaS\Cache_V2->ban, WPaaS\Cache_V2->flush_cdn, WPaaS\API->flush_cdn, WPaaS\API->call, WPaaS\Activity_logger->log_sp_action, WPaaS\Activity_logger->create_table, dbDelta
[14-Feb-2024 17:42:21 UTC] WordPress database error Commands out of sync; you can't run this command now for query SELECT option_value FROM wp_3wn9kjattn_options WHERE option_name = 'gd_system_polling_invalidation_id' LIMIT 1 made by shutdown_action_hook, do_action('shutdown'), WP_Hook->do_action, WP_Hook->apply_filters, WPaaS\Cache_V2->ban, WPaaS\Cache_V2->flush_cdn, update_option, get_option
[14-Feb-2024 17:42:21 UTC] WordPress database error Commands out of sync; you can't run this command now for query INSERT INTO `wp_3wn9kjattn_options` (`option_name`, `option_value`, `autoload`) VALUES ('gd_system_polling_invalidation_id', '2cMryJDmlca7rip8okmlM5Ttjzs', 'yes') ON DUPLICATE KEY UPDATE `option_name` = VALUES(`option_name`), `option_value` = VALUES(`option_value`), `autoload` = VALUES(`autoload`) made by shutdown_action_hook, do_action('shutdown'), WP_Hook->do_action, WP_Hook->apply_filters, WPaaS\Cache_V2->ban, WPaaS\Cache_V2->flush_cdn, update_option, add_option
[14-Feb-2024 17:42:21 UTC] WordPress database error Commands out of sync; you can't run this command now for query SHOW FULL COLUMNS FROM `wp_3wn9kjattn_wpaas_activity_log` made by shutdown_action_hook, do_action('shutdown'), WP_Hook->do_action, WP_Hook->apply_filters, WPaaS\Cache_V2->ban, WPaaS\Cache_V2->flush_cdn, WPaaS\Activity_logger->log_sp_action
[14-Feb-2024 17:42:21 UTC] WordPress database error Commands out of sync; you can't run this command now for query CREATE TABLE wp_3wn9kjattn_wpaas_activity_log (
            id BIGINT(20) UNSIGNED NOT NULL AUTO_INCREMENT,
            user_id BIGINT(20) UNSIGNED NOT NULL,
            activity TEXT NOT NULL,
            timestamp DATETIME NOT NULL DEFAULT CURRENT_TIMESTAMP,
            PRIMARY KEY  (id)
        ) DEFAULT CHARACTER SET utf8mb4 COLLATE utf8mb4_unicode_520_ci made by shutdown_action_hook, do_action('shutdown'), WP_Hook->do_action, WP_Hook->apply_filters, WPaaS\Cache_V2->ban, WPaaS\Cache_V2->flush_cdn, WPaaS\Activity_logger->log_sp_action, WPaaS\Activity_logger->create_table, dbDelta
[14-Feb-2024 17:42:21 UTC] WordPress database error Commands out of sync; you can't run this command now for query SELECT option_value FROM wp_3wn9kjattn_options WHERE option_name = 'active_plugins' LIMIT 1 made by mwp_fail_safe, get_option
[14-Feb-2024 17:42:22 UTC] PHP Fatal error:  Allowed memory size of 268435456 bytes exhausted (tried to allocate 647168 bytes) in /var/www/wp-includes/class-wpdb.php on line 2349
[14-Feb-2024 17:42:22 UTC] WordPress database error Commands out of sync; you can't run this command now for query UPDATE `wp_3wn9kjattn_options` SET `option_value` = 'a:2:{i:0;i:1707932500;i:1;i:1707932542;}' WHERE `option_name` = 'wpaas_cache_cnt' made by shutdown_action_hook, do_action('shutdown'), WP_Hook->do_action, WP_Hook->apply_filters, WPaaS\Cache_V2->ban, WPaaS\Cache_V2->increment_token, WPaaS\Cache_V2->upsert, update_option
[14-Feb-2024 17:42:22 UTC] WordPress database error Commands out of sync; you can't run this command now for query SELECT option_value FROM wp_3wn9kjattn_options WHERE option_name = 'gd_system_last_cache_flush' LIMIT 1 made by shutdown_action_hook, do_action('shutdown'), WP_Hook->do_action, WP_Hook->apply_filters, WPaaS\Cache_V2->ban, WPaaS\Cache_V2->request, update_option, get_option
[14-Feb-2024 17:42:22 UTC] WordPress database error Commands out of sync; you can't run this command now for query INSERT INTO `wp_3wn9kjattn_options` (`option_name`, `option_value`, `autoload`) VALUES ('gd_system_last_cache_flush', '1707932542', 'yes') ON DUPLICATE KEY UPDATE `option_name` = VALUES(`option_name`), `option_value` = VALUES(`option_value`), `autoload` = VALUES(`autoload`) made by shutdown_action_hook, do_action('shutdown'), WP_Hook->do_action, WP_Hook->apply_filters, WPaaS\Cache_V2->ban, WPaaS\Cache_V2->request, update_option, add_option
[14-Feb-2024 17:42:22 UTC] WordPress database error Commands out of sync; you can't run this command now for query SELECT option_value FROM wp_3wn9kjattn_options WHERE option_name = 'timezone_string' LIMIT 1 made by shutdown_action_hook, do_action('shutdown'), WP_Hook->do_action, WP_Hook->apply_filters, WPaaS\Cache_V2->ban, WPaaS\Cache_V2->request, WPaaS\Activity_logger->log_sp_action, current_time, wp_timezone, wp_timezone_string, get_option
[14-Feb-2024 17:42:22 UTC] WordPress database error Commands out of sync; you can't run this command now for query SELECT option_value FROM wp_3wn9kjattn_options WHERE option_name = 'gmt_offset' LIMIT 1 made by shutdown_action_hook, do_action('shutdown'), WP_Hook->do_action, WP_Hook->apply_filters, WPaaS\Cache_V2->ban, WPaaS\Cache_V2->request, WPaaS\Activity_logger->log_sp_action, current_time, wp_timezone, wp_timezone_string, get_option
[14-Feb-2024 17:42:22 UTC] WordPress database error Commands out of sync; you can't run this command now for query SHOW FULL COLUMNS FROM `wp_3wn9kjattn_wpaas_activity_log` made by shutdown_action_hook, do_action('shutdown'), WP_Hook->do_action, WP_Hook->apply_filters, WPaaS\Cache_V2->ban, WPaaS\Cache_V2->request, WPaaS\Activity_logger->log_sp_action
[14-Feb-2024 17:42:22 UTC] WordPress database error Commands out of sync; you can't run this command now for query CREATE TABLE wp_3wn9kjattn_wpaas_activity_log (
            id BIGINT(20) UNSIGNED NOT NULL AUTO_INCREMENT,
            user_id BIGINT(20) UNSIGNED NOT NULL,
            activity TEXT NOT NULL,
            timestamp DATETIME NOT NULL DEFAULT CURRENT_TIMESTAMP,
            PRIMARY KEY  (id)
        ) DEFAULT CHARACTER SET utf8mb4 COLLATE utf8mb4_unicode_520_ci made by shutdown_action_hook, do_action('shutdown'), WP_Hook->do_action, WP_Hook->apply_filters, WPaaS\Cache_V2->ban, WPaaS\Cache_V2->request, WPaaS\Activity_logger->log_sp_action, WPaaS\Activity_logger->create_table, dbDelta
[14-Feb-2024 17:42:22 UTC] WordPress database error Commands out of sync; you can't run this command now for query SELECT option_value FROM wp_3wn9kjattn_options WHERE option_name = 'home' LIMIT 1 made by shutdown_action_hook, do_action('shutdown'), WP_Hook->do_action, WP_Hook->apply_filters, WPaaS\Cache_V2->ban, WPaaS\Cache_V2->request, WPaaS\Cache_V2->executeRequest, wp_remote_request, WP_Http->request, get_bloginfo, home_url, get_home_url, get_option
[14-Feb-2024 17:42:23 UTC] WordPress database error Commands out of sync; you can't run this command now for query SHOW FULL COLUMNS FROM `wp_3wn9kjattn_wpaas_activity_log` made by shutdown_action_hook, do_action('shutdown'), WP_Hook->do_action, WP_Hook->apply_filters, WPaaS\Cache_V2->ban, WPaaS\Cache_V2->flush_cdn, WPaaS\API->flush_cdn, WPaaS\API->call, WPaaS\Activity_logger->log_sp_action
[14-Feb-2024 17:42:23 UTC] WordPress database error Commands out of sync; you can't run this command now for query CREATE TABLE wp_3wn9kjattn_wpaas_activity_log (
            id BIGINT(20) UNSIGNED NOT NULL AUTO_INCREMENT,
            user_id BIGINT(20) UNSIGNED NOT NULL,
            activity TEXT NOT NULL,
            timestamp DATETIME NOT NULL DEFAULT CURRENT_TIMESTAMP,
            PRIMARY KEY  (id)
        ) DEFAULT CHARACTER SET utf8mb4 COLLATE utf8mb4_unicode_520_ci made by shutdown_action_hook, do_action('shutdown'), WP_Hook->do_action, WP_Hook->apply_filters, WPaaS\Cache_V2->ban, WPaaS\Cache_V2->flush_cdn, WPaaS\API->flush_cdn, WPaaS\API->call, WPaaS\Activity_logger->log_sp_action, WPaaS\Activity_logger->create_table, dbDelta
[14-Feb-2024 17:42:23 UTC] WordPress database error Commands out of sync; you can't run this command now for query SELECT option_value FROM wp_3wn9kjattn_options WHERE option_name = 'gd_system_polling_invalidation_id' LIMIT 1 made by shutdown_action_hook, do_action('shutdown'), WP_Hook->do_action, WP_Hook->apply_filters, WPaaS\Cache_V2->ban, WPaaS\Cache_V2->flush_cdn, update_option, get_option
[14-Feb-2024 17:42:23 UTC] WordPress database error Commands out of sync; you can't run this command now for query INSERT INTO `wp_3wn9kjattn_options` (`option_name`, `option_value`, `autoload`) VALUES ('gd_system_polling_invalidation_id', '2cMryadVWRwZv7Czlk8FHGcPx77', 'yes') ON DUPLICATE KEY UPDATE `option_name` = VALUES(`option_name`), `option_value` = VALUES(`option_value`), `autoload` = VALUES(`autoload`) made by shutdown_action_hook, do_action('shutdown'), WP_Hook->do_action, WP_Hook->apply_filters, WPaaS\Cache_V2->ban, WPaaS\Cache_V2->flush_cdn, update_option, add_option
[14-Feb-2024 17:42:23 UTC] WordPress database error Commands out of sync; you can't run this command now for query SHOW FULL COLUMNS FROM `wp_3wn9kjattn_wpaas_activity_log` made by shutdown_action_hook, do_action('shutdown'), WP_Hook->do_action, WP_Hook->apply_filters, WPaaS\Cache_V2->ban, WPaaS\Cache_V2->flush_cdn, WPaaS\Activity_logger->log_sp_action
[14-Feb-2024 17:42:23 UTC] WordPress database error Commands out of sync; you can't run this command now for query CREATE TABLE wp_3wn9kjattn_wpaas_activity_log (
            id BIGINT(20) UNSIGNED NOT NULL AUTO_INCREMENT,
            user_id BIGINT(20) UNSIGNED NOT NULL,
            activity TEXT NOT NULL,
            timestamp DATETIME NOT NULL DEFAULT CURRENT_TIMESTAMP,
            PRIMARY KEY  (id)
        ) DEFAULT CHARACTER SET utf8mb4 COLLATE utf8mb4_unicode_520_ci made by shutdown_action_hook, do_action('shutdown'), WP_Hook->do_action, WP_Hook->apply_filters, WPaaS\Cache_V2->ban, WPaaS\Cache_V2->flush_cdn, WPaaS\Activity_logger->log_sp_action, WPaaS\Activity_logger->create_table, dbDelta
[14-Feb-2024 17:42:23 UTC] WordPress database error Commands out of sync; you can't run this command now for query SELECT option_value FROM wp_3wn9kjattn_options WHERE option_name = 'active_plugins' LIMIT 1 made by mwp_fail_safe, get_option
[14-Feb-2024 17:48:46 UTC] PHP Deprecated:  trim(): Passing null to parameter #1 ($string) of type string is deprecated in /var/www/wp-content/plugins/elementor-pro/modules/custom-css/module.php on line 96
[14-Feb-2024 17:48:46 UTC] PHP Deprecated:  trim(): Passing null to parameter #1 ($string) of type string is deprecated in /var/www/wp-content/plugins/elementor-pro/modules/custom-css/module.php on line 96
[14-Feb-2024 17:48:46 UTC] PHP Deprecated:  trim(): Passing null to parameter #1 ($string) of type string is deprecated in /var/www/wp-content/plugins/elementor-pro/modules/custom-css/module.php on line 96
[14-Feb-2024 18:06:19 UTC] WordPress database error Table 'l29o44633761632.wp_3wn9kjattn_rank_math_analytics_gsc' doesn't exist for query SELECT SUM(impressions) AS impressions, SUM(clicks) AS clicks, AVG(position) AS position FROM wp_3wn9kjattn_rank_math_analytics_gsc WHERE created BETWEEN '2024-01-09 00:00:00' AND '2024-02-11 23:59:59' LIMIT 0, 1 made by require('wp-blog-header.php'), wp, WP->main, WP->parse_request, do_action_ref_array('parse_request'), WP_Hook->do_action, WP_Hook->apply_filters, rest_api_loaded, WP_REST_Server->serve_request, WP_REST_Server->dispatch, WP_REST_Server->respond_to_request, RankMath\Rest\Admin->dashboard_widget_items, RankMath\Rest\Admin->do_action, do_action_ref_array('rank_math/dashboard/widget'), WP_Hook->do_action, WP_Hook->apply_filters, RankMath\Analytics\Analytics_Common->dashboard_widget, RankMath\Analytics\Analytics_Common->get_dashboard_widget_items, RankMath\Analytics\Summary->get_widget, RankMath\Admin\Database\Query_Builder->one
[14-Feb-2024 18:06:19 UTC] WordPress database error Table 'l29o44633761632.wp_3wn9kjattn_rank_math_analytics_gsc' doesn't exist for query SELECT SUM(impressions) AS impressions, SUM(clicks) AS clicks, AVG(position) AS position FROM wp_3wn9kjattn_rank_math_analytics_gsc WHERE created BETWEEN '2023-12-06 00:00:00' AND '2024-01-08 23:59:59' LIMIT 0, 1 made by require('wp-blog-header.php'), wp, WP->main, WP->parse_request, do_action_ref_array('parse_request'), WP_Hook->do_action, WP_Hook->apply_filters, rest_api_loaded, WP_REST_Server->serve_request, WP_REST_Server->dispatch, WP_REST_Server->respond_to_request, RankMath\Rest\Admin->dashboard_widget_items, RankMath\Rest\Admin->do_action, do_action_ref_array('rank_math/dashboard/widget'), WP_Hook->do_action, WP_Hook->apply_filters, RankMath\Analytics\Analytics_Common->dashboard_widget, RankMath\Analytics\Analytics_Common->get_dashboard_widget_items, RankMath\Analytics\Summary->get_widget, RankMath\Admin\Database\Query_Builder->one
[14-Feb-2024 18:06:19 UTC] WordPress database error Table 'l29o44633761632.wp_3wn9kjattn_rank_math_analytics_gsc' doesn't exist for query SELECT COUNT(DISTINCT(query))
				FROM wp_3wn9kjattn_rank_math_analytics_gsc
				WHERE created BETWEEN '2024-01-09 00:00:00' AND '2024-02-11 23:59:59' made by require('wp-blog-header.php'), wp, WP->main, WP->parse_request, do_action_ref_array('parse_request'), WP_Hook->do_action, WP_Hook->apply_filters, rest_api_loaded, WP_REST_Server->serve_request, WP_REST_Server->dispatch, WP_REST_Server->respond_to_request, RankMath\Rest\Admin->dashboard_widget_items, RankMath\Rest\Admin->do_action, do_action_ref_array('rank_math/dashboard/widget'), WP_Hook->do_action, WP_Hook->apply_filters, RankMath\Analytics\Analytics_Common->dashboard_widget, RankMath\Analytics\Analytics_Common->get_dashboard_widget_items, RankMath\Analytics\Summary->get_widget, RankMath\Analytics\Summary->get_keywords_summary
[14-Feb-2024 18:06:19 UTC] WordPress database error Table 'l29o44633761632.wp_3wn9kjattn_rank_math_analytics_gsc' doesn't exist for query SELECT COUNT(DISTINCT(query))
				FROM wp_3wn9kjattn_rank_math_analytics_gsc
				WHERE created BETWEEN '2023-12-06 00:00:00' AND '2024-01-08 23:59:59' made by require('wp-blog-header.php'), wp, WP->main, WP->parse_request, do_action_ref_array('parse_request'), WP_Hook->do_action, WP_Hook->apply_filters, rest_api_loaded, WP_REST_Server->serve_request, WP_REST_Server->dispatch, WP_REST_Server->respond_to_request, RankMath\Rest\Admin->dashboard_widget_items, RankMath\Rest\Admin->do_action, do_action_ref_array('rank_math/dashboard/widget'), WP_Hook->do_action, WP_Hook->apply_filters, RankMath\Analytics\Analytics_Common->dashboard_widget, RankMath\Analytics\Analytics_Common->get_dashboard_widget_items, RankMath\Analytics\Summary->get_widget, RankMath\Analytics\Summary->get_keywords_summary
[14-Feb-2024 18:06:40 UTC] PHP Warning:  Trying to access array offset on value of type bool in /var/www/wp-content/plugins/elementor/includes/managers/image.php on line 113
[14-Feb-2024 18:06:40 UTC] PHP Warning:  Trying to access array offset on value of type bool in /var/www/wp-content/plugins/elementor/includes/managers/image.php on line 113
[14-Feb-2024 18:06:40 UTC] PHP Warning:  Trying to access array offset on value of type bool in /var/www/wp-content/plugins/elementor/includes/managers/image.php on line 113
[14-Feb-2024 18:06:40 UTC] PHP Warning:  Trying to access array offset on value of type bool in /var/www/wp-content/plugins/elementor/includes/managers/image.php on line 113
[14-Feb-2024 18:06:40 UTC] PHP Warning:  Trying to access array offset on value of type bool in /var/www/wp-content/plugins/elementor/includes/managers/image.php on line 113
[14-Feb-2024 18:06:40 UTC] PHP Warning:  Trying to access array offset on value of type bool in /var/www/wp-content/plugins/elementor/includes/managers/image.php on line 113
[14-Feb-2024 18:06:40 UTC] PHP Warning:  Trying to access array offset on value of type bool in /var/www/wp-content/plugins/elementor/includes/managers/image.php on line 113
[14-Feb-2024 18:06:40 UTC] PHP Deprecated:  Automatic conversion of false to array is deprecated in /var/www/wp-content/plugins/elementor/includes/managers/image.php on line 102
[14-Feb-2024 18:06:50 UTC] PHP Warning:  Trying to access array offset on value of type bool in /var/www/wp-content/plugins/elementor/includes/managers/image.php on line 113
[14-Feb-2024 18:06:50 UTC] PHP Warning:  Trying to access array offset on value of type bool in /var/www/wp-content/plugins/elementor/includes/managers/image.php on line 113
[14-Feb-2024 18:06:50 UTC] PHP Warning:  Trying to access array offset on value of type bool in /var/www/wp-content/plugins/elementor/includes/managers/image.php on line 113
[14-Feb-2024 18:06:50 UTC] PHP Warning:  Trying to access array offset on value of type bool in /var/www/wp-content/plugins/elementor/includes/managers/image.php on line 113
[14-Feb-2024 18:06:50 UTC] PHP Warning:  Trying to access array offset on value of type bool in /var/www/wp-content/plugins/elementor/includes/managers/image.php on line 113
[14-Feb-2024 18:06:50 UTC] PHP Warning:  Trying to access array offset on value of type bool in /var/www/wp-content/plugins/elementor/includes/managers/image.php on line 113
[14-Feb-2024 18:06:50 UTC] PHP Warning:  Trying to access array offset on value of type bool in /var/www/wp-content/plugins/elementor/includes/managers/image.php on line 113
[14-Feb-2024 18:06:50 UTC] PHP Deprecated:  Automatic conversion of false to array is deprecated in /var/www/wp-content/plugins/elementor/includes/managers/image.php on line 102
[14-Feb-2024 18:07:06 UTC] PHP Warning:  Trying to access array offset on value of type bool in /var/www/wp-content/plugins/elementor/includes/managers/image.php on line 113
[14-Feb-2024 18:07:06 UTC] PHP Warning:  Trying to access array offset on value of type bool in /var/www/wp-content/plugins/elementor/includes/managers/image.php on line 113
[14-Feb-2024 18:07:06 UTC] PHP Warning:  Trying to access array offset on value of type bool in /var/www/wp-content/plugins/elementor/includes/managers/image.php on line 113
[14-Feb-2024 18:07:06 UTC] PHP Warning:  Trying to access array offset on value of type bool in /var/www/wp-content/plugins/elementor/includes/managers/image.php on line 113
[14-Feb-2024 18:07:06 UTC] PHP Warning:  Trying to access array offset on value of type bool in /var/www/wp-content/plugins/elementor/includes/managers/image.php on line 113
[14-Feb-2024 18:07:06 UTC] PHP Warning:  Trying to access array offset on value of type bool in /var/www/wp-content/plugins/elementor/includes/managers/image.php on line 113
[14-Feb-2024 18:07:06 UTC] PHP Warning:  Trying to access array offset on value of type bool in /var/www/wp-content/plugins/elementor/includes/managers/image.php on line 113
[14-Feb-2024 18:07:06 UTC] PHP Deprecated:  Automatic conversion of false to array is deprecated in /var/www/wp-content/plugins/elementor/includes/managers/image.php on line 102
[14-Feb-2024 19:13:25 UTC] PHP Deprecated:  trim(): Passing null to parameter #1 ($string) of type string is deprecated in /var/www/wp-content/plugins/elementor-pro/modules/custom-css/module.php on line 96
[14-Feb-2024 19:13:25 UTC] PHP Deprecated:  trim(): Passing null to parameter #1 ($string) of type string is deprecated in /var/www/wp-content/plugins/elementor-pro/modules/custom-css/module.php on line 96
[14-Feb-2024 19:13:25 UTC] PHP Deprecated:  trim(): Passing null to parameter #1 ($string) of type string is deprecated in /var/www/wp-content/plugins/elementor-pro/modules/custom-css/module.php on line 96
[15-Feb-2024 03:38:09 UTC] PHP Warning:  Attempt to read property "post_type" on null in /var/www/wp-content/plugins/header-footer-elementor/inc/lib/target-rule/class-astra-target-rules-fields.php on line 1334
[15-Feb-2024 03:38:09 UTC] PHP Warning:  Attempt to read property "ID" on null in /var/www/wp-content/plugins/header-footer-elementor/inc/lib/target-rule/class-astra-target-rules-fields.php on line 1335
[15-Feb-2024 20:25:23 UTC] PHP Deprecated:  trim(): Passing null to parameter #1 ($string) of type string is deprecated in /var/www/wp-content/plugins/elementor-pro/modules/custom-css/module.php on line 96
[15-Feb-2024 20:25:23 UTC] PHP Deprecated:  trim(): Passing null to parameter #1 ($string) of type string is deprecated in /var/www/wp-content/plugins/elementor-pro/modules/custom-css/module.php on line 96
[15-Feb-2024 20:25:23 UTC] PHP Deprecated:  trim(): Passing null to parameter #1 ($string) of type string is deprecated in /var/www/wp-content/plugins/elementor-pro/modules/custom-css/module.php on line 96
[15-Feb-2024 20:37:20 UTC] PHP Deprecated:  trim(): Passing null to parameter #1 ($string) of type string is deprecated in /var/www/wp-content/plugins/elementor-pro/modules/custom-css/module.php on line 96
[15-Feb-2024 20:37:20 UTC] PHP Deprecated:  trim(): Passing null to parameter #1 ($string) of type string is deprecated in /var/www/wp-content/plugins/elementor-pro/modules/custom-css/module.php on line 96
[15-Feb-2024 20:37:20 UTC] PHP Deprecated:  trim(): Passing null to parameter #1 ($string) of type string is deprecated in /var/www/wp-content/plugins/elementor-pro/modules/custom-css/module.php on line 96
[15-Feb-2024 20:37:51 UTC] PHP Deprecated:  trim(): Passing null to parameter #1 ($string) of type string is deprecated in /var/www/wp-content/plugins/elementor-pro/modules/custom-css/module.php on line 96
[15-Feb-2024 20:37:51 UTC] PHP Deprecated:  trim(): Passing null to parameter #1 ($string) of type string is deprecated in /var/www/wp-content/plugins/elementor-pro/modules/custom-css/module.php on line 96
[15-Feb-2024 20:37:51 UTC] PHP Deprecated:  trim(): Passing null to parameter #1 ($string) of type string is deprecated in /var/www/wp-content/plugins/elementor-pro/modules/custom-css/module.php on line 96
[15-Feb-2024 20:48:48 UTC] PHP Deprecated:  trim(): Passing null to parameter #1 ($string) of type string is deprecated in /var/www/wp-content/plugins/elementor-pro/modules/custom-css/module.php on line 96
[15-Feb-2024 20:48:48 UTC] PHP Deprecated:  trim(): Passing null to parameter #1 ($string) of type string is deprecated in /var/www/wp-content/plugins/elementor-pro/modules/custom-css/module.php on line 96
[15-Feb-2024 20:48:48 UTC] PHP Deprecated:  trim(): Passing null to parameter #1 ($string) of type string is deprecated in /var/www/wp-content/plugins/elementor-pro/modules/custom-css/module.php on line 96
